\BOOKMARK [1][-]{section*.2}{\376\377\226\005\213\373\133\374\137\025}{}% 1
\BOOKMARK [1][-]{section.1}{\376\377\213\376\172\013\140\073\211\310\377\032\000B\000o\000t\000t\000o\000m\000-\000u\000p\000\040\122\060\000\040\000L\000R\000\040\000F\000a\000m\000i\000l\000y\000\040\000\040\000[\000p\0001\040\023\0003\000]}{}% 2
\BOOKMARK [1][-]{section.2}{\376\377\201\352\136\225\124\021\116\012\122\006\147\220\116\016\171\373\121\145\000-\211\304\176\246\000\040\000\040\000[\000p\0004\040\023\0009\000]}{}% 3
\BOOKMARK [2][-]{subsection.2.1}{\376\377\000B\000o\000t\000t\000o\000m\000-\000u\000p\000\040\000P\000a\000r\000s\000i\000n\000g\000\040\166\204\127\372\147\054\140\035\140\363\000\040\000\040\000[\000p\0004\040\023\0005\000]}{section.2}% 4
\BOOKMARK [2][-]{subsection.2.2}{\376\377\000S\000h\000i\000f\000t\000-\000R\000e\000d\000u\000c\000e\000\040\000P\000a\000r\000s\000e\000r\000\040\166\204\126\333\171\315\122\250\117\134\000\040\000\040\000[\000p\0006\040\023\0007\000]}{section.2}% 5
\BOOKMARK [2][-]{subsection.2.3}{\376\377\117\213\133\120\377\032\122\006\147\220\000\040\000a\000b\000b\000c\000d\000e\000\040\000\040\000[\000p\0008\040\023\0009\000]}{section.2}% 6
\BOOKMARK [1][-]{section.3}{\376\377\123\345\147\304\060\001\167\355\213\355\060\001\166\364\143\245\167\355\213\355\116\016\155\073\122\115\177\000\000\040\000\040\000[\000p\0001\0000\040\023\0002\0007\000]}{}% 7
\BOOKMARK [2][-]{subsection.3.1}{\376\377\123\363\123\345\127\213\060\001\167\355\213\355\060\001\166\364\143\245\167\355\213\355\060\001\123\345\147\304\000\040\000\040\000[\000p\0001\0000\040\023\0001\0002\000]}{section.3}% 8
\BOOKMARK [2][-]{subsection.3.2}{\376\377\123\345\147\304\211\304\176\246\171\072\117\213\000\040\000\040\000[\000p\0001\0003\040\023\0002\0004\000]}{section.3}% 9
\BOOKMARK [2][-]{subsection.3.3}{\376\377\116\072\116\300\116\110\123\345\147\304\140\073\127\050\150\010\230\166\000\040\000\040\000[\000p\0002\0005\000]}{section.3}% 10
\BOOKMARK [2][-]{subsection.3.4}{\376\377\155\073\122\115\177\000\000\040\000\040\000[\000p\0002\0006\040\023\0002\0007\000]}{section.3}% 11
\BOOKMARK [1][-]{section.4}{\376\377\121\262\172\201\116\016\201\352\136\225\124\021\116\012\122\006\147\220\140\047\215\050\000\040\000\040\000[\000p\0002\0008\040\023\0003\0001\000]}{}% 12
\BOOKMARK [2][-]{subsection.4.1}{\376\377\121\262\172\201\147\145\201\352\124\352\221\314\000\040\000\040\000[\000p\0002\0008\040\023\0003\0000\000]}{section.4}% 13
\BOOKMARK [2][-]{subsection.4.2}{\376\377\000B\000o\000t\000t\000o\000m\000-\000u\000p\000\040\000P\000a\000r\000s\000i\000n\000g\000\040\166\204\140\047\215\050\000\040\000\040\000[\000p\0003\0001\000]}{section.4}% 14
\BOOKMARK [1][-]{section.5}{\376\377\000L\000R\000\040\000P\000a\000r\000s\000e\000r\000\040\116\016\000\040\000A\000C\000T\000I\000O\000N\000/\000G\000O\000T\000O\000\040\210\150\000\040\000\040\000[\000p\0003\0002\040\023\0006\0002\000]}{}% 15
\BOOKMARK [2][-]{subsection.5.1}{\376\377\000L\000R\000\050\000k\000\051\000\040\000P\000a\000r\000s\000e\000r\000\040\166\204\124\053\116\111\000\040\000\040\000[\000p\0003\0003\040\023\0003\0004\000]}{section.5}% 16
\BOOKMARK [2][-]{subsection.5.2}{\376\377\000L\000R\000\040\000P\000a\000r\000s\000e\000r\000\040\166\204\150\010\116\016\123\363\123\345\127\213\000\040\000\040\000[\000p\0003\0005\000]}{section.5}% 17
\BOOKMARK [2][-]{subsection.5.3}{\376\377\000A\000C\000T\000I\000O\000N\000\040\210\150\124\214\000\040\000G\000O\000T\000O\000\040\210\150\000\040\000\040\000[\000p\0003\0007\040\023\0004\0001\000]}{section.5}% 18
\BOOKMARK [2][-]{subsection.5.4}{\376\377\210\150\232\161\122\250\000\040\000L\000R\000\040\172\013\136\217\000\040\000\040\000[\000p\0004\0002\040\023\0004\0004\000]}{section.5}% 19
\BOOKMARK [2][-]{subsection.5.5}{\376\377\171\072\117\213\377\032\165\050\000\040\000L\000R\000\040\210\150\122\006\147\220\000\040\0001\000+\0001\000\040\000\040\000[\000p\0004\0005\040\023\0005\0008\000]}{section.5}% 20
\BOOKMARK [2][-]{subsection.5.6}{\376\377\211\343\147\220\210\150\174\173\127\213\151\202\211\310\000\040\000\040\000[\000p\0005\0009\040\023\0006\0002\000]}{section.5}% 21
\BOOKMARK [1][-]{section.6}{\376\377\000L\000R\000\050\0000\000\051\377\032\230\171\166\356\060\001\201\352\122\250\147\072\116\016\211\343\147\220\210\150\000\040\000\040\000[\000p\0006\0003\040\023\0009\0005\000]}{}% 22
\BOOKMARK [2][-]{subsection.6.1}{\376\377\162\266\140\001\116\072\116\300\116\110\227\000\211\201\000\040\000i\000t\000e\000m\000\040\000\040\000[\000p\0006\0003\040\023\0006\0006\000]}{section.6}% 23
\BOOKMARK [2][-]{subsection.6.2}{\376\377\130\236\136\177\145\207\154\325\000\040\000\040\000[\000p\0006\0007\000]}{section.6}% 24
\BOOKMARK [2][-]{subsection.6.3}{\376\377\000C\000L\000O\000S\000U\000R\000E\000\040\116\016\000\040\000G\000O\000T\000O\000\040\000\040\000[\000p\0006\0008\040\023\0007\0004\000]}{section.6}% 25
\BOOKMARK [2][-]{subsection.6.4}{\376\377\117\213\133\120\377\032\000S\000\040\000-\000>\000\040\000B\000B\000,\000\040\000B\000\040\000-\000>\000\040\000a\000B\000\040\000|\000\040\000b\000\040\000\040\000[\000p\0006\0009\040\023\0007\0008\000]}{section.6}% 26
\BOOKMARK [2][-]{subsection.6.5}{\376\377\165\061\000\040\000D\000F\000A\000\040\147\204\220\040\000\040\000L\000R\000\050\0000\000\051\000\040\210\150\000\040\000\040\000[\000p\0007\0007\040\023\0008\0000\000]}{section.6}% 27
\BOOKMARK [2][-]{subsection.6.6}{\376\377\000L\000R\000\050\0000\000\051\000\040\121\262\172\201\116\016\134\100\226\120\000\040\000\040\000[\000p\0008\0001\040\023\0009\0005\000]}{section.6}% 28
\BOOKMARK [1][-]{section.7}{\376\377\000S\000L\000R\000\050\0001\000\051\377\032\165\050\000\040\000F\000O\000L\000L\000O\000W\000\040\226\120\122\066\211\304\176\246\000\040\000\040\000[\000p\0009\0006\040\023\0001\0000\0006\000]}{}% 29
\BOOKMARK [2][-]{subsection.7.1}{\376\377\000S\000L\000R\000\050\0001\000\051\000\040\166\204\127\372\147\054\140\035\140\363\000\040\000\040\000[\000p\0009\0008\040\023\0009\0009\000]}{section.7}% 30
\BOOKMARK [2][-]{subsection.7.2}{\376\377\000S\000L\000R\000\050\0001\000\051\000\040\145\207\154\325\122\044\133\232\147\141\116\366\000\040\000\040\000[\000p\0001\0000\0000\000]}{section.7}% 31
\BOOKMARK [2][-]{subsection.7.3}{\376\377\000S\000L\000R\000\050\0001\000\051\000\040\166\204\117\030\122\277\116\016\134\100\226\120\000\040\000\040\000[\000p\0001\0000\0001\040\023\0001\0000\0006\000]}{section.7}% 32
\BOOKMARK [1][-]{section.8}{\376\377\000L\000R\000\050\0001\000\051\377\032\142\212\000\040\000L\000o\000o\000k\000a\000h\000e\000a\000d\000\040\145\076\217\333\000\040\000I\000t\000e\000m\000\040\000\040\000[\000p\0001\0000\0007\040\023\0001\0002\0002\000]}{}% 33
\BOOKMARK [2][-]{subsection.8.1}{\376\377\000L\000R\000\050\0001\000\051\000\040\000i\000t\000e\000m\000\040\000\040\000[\000p\0001\0000\0007\040\023\0001\0000\0008\000]}{section.8}% 34
\BOOKMARK [2][-]{subsection.8.2}{\376\377\000L\000R\000\050\0001\000\051\000\040\166\204\000\040\000C\000L\000O\000S\000U\000R\000E\000\040\124\214\000\040\000G\000O\000T\000O\000\040\000\040\000[\000p\0001\0000\0009\040\023\0001\0001\0000\000]}{section.8}% 35
\BOOKMARK [2][-]{subsection.8.3}{\376\377\000L\000R\000\050\0001\000\051\000\040\171\072\117\213\000\040\000\040\000[\000p\0001\0000\0009\040\023\0001\0002\0001\000]}{section.8}% 36
\BOOKMARK [2][-]{subsection.8.4}{\376\377\000L\000R\000\050\0001\000\051\000\040\211\343\147\220\210\150\116\016\145\207\154\325\147\141\116\366\000\040\000\040\000[\000p\0001\0002\0000\040\023\0001\0002\0002\000]}{section.8}% 37
\BOOKMARK [1][-]{section.9}{\376\377\000L\000A\000L\000R\000\050\0001\000\051\377\032\124\010\136\166\124\014\000\040\000C\000o\000r\000e\000\040\162\266\140\001\166\204\142\230\116\055\145\271\150\110\000\040\000\040\000[\000p\0001\0002\0003\040\023\0001\0003\0009\000]}{}% 38
\BOOKMARK [2][-]{subsection.9.1}{\376\377\116\072\116\300\116\110\227\000\211\201\000\040\000L\000A\000L\000R\000\050\0001\000\051\000\040\000\040\000[\000p\0001\0002\0004\000]}{section.9}% 39
\BOOKMARK [2][-]{subsection.9.2}{\376\377\162\266\140\001\124\010\136\166\171\072\117\213\000\040\000\040\000[\000p\0001\0002\0005\040\023\0001\0002\0007\000]}{section.9}% 40
\BOOKMARK [2][-]{subsection.9.3}{\376\377\124\010\136\166\145\110\147\234\377\032\121\262\172\201\116\016\225\031\213\357\136\366\217\337\000\040\000\040\000[\000p\0001\0002\0008\040\023\0001\0003\0003\000]}{section.9}% 41
\BOOKMARK [2][-]{subsection.9.4}{\376\377\000L\000A\000L\000R\000\040\210\150\147\204\220\040\116\016\145\207\154\325\121\163\174\373\000\040\000\040\000[\000p\0001\0003\0004\040\023\0001\0003\0007\000]}{section.9}% 42
\BOOKMARK [2][-]{subsection.9.5}{\376\377\000L\000L\000\040\000v\000s\000\040\000L\000R\000\040\000\040\000[\000p\0001\0003\0008\040\023\0001\0003\0009\000]}{section.9}% 43
\BOOKMARK [1][-]{section.10}{\376\377\000S\000y\000n\000t\000a\000x\000\040\000A\000n\000a\000l\000y\000s\000i\000s\000\040\000R\000e\000v\000i\000s\000i\000t\377\032\213\355\154\325\122\006\147\220\140\073\131\015\116\140\000\040\000\040\000[\000p\0001\0004\0000\040\023\0001\0008\0009\000]}{}% 44
\BOOKMARK [2][-]{subsection.10.1}{\376\377\213\355\154\325\122\006\147\220\166\204\117\115\177\156\116\016\145\207\154\325\133\232\116\111\000\040\000\040\000[\000p\0001\0004\0001\040\023\0001\0004\0005\000]}{section.10}% 45
\BOOKMARK [2][-]{subsection.10.2}{\376\377\123\345\127\213\060\001\123\345\133\120\060\001\213\355\212\000\060\001\116\214\116\111\140\047\000\040\000\040\000[\000p\0001\0004\0004\040\023\0001\0004\0005\000]}{section.10}% 46
\BOOKMARK [2][-]{subsection.10.3}{\376\377\116\124\131\306\145\257\127\372\145\207\154\325\117\123\174\373\116\016\000\040\000A\000S\000T\000\040\000\040\000[\000p\0001\0004\0006\040\023\0001\0004\0008\000]}{section.10}% 47
\BOOKMARK [2][-]{subsection.10.4}{\376\377\000T\000o\000p\000-\000d\000o\000w\000n\000\040\131\015\116\140\377\032\000R\000D\000P\060\001\000F\000I\000R\000S\000T\060\001\000F\000O\000L\000L\000O\000W\000\040\116\016\000\040\000L\000L\000\050\0001\000\051\000\040\000\040\000[\000p\0001\0004\0009\040\023\0001\0006\0000\000]}{section.10}% 48
\BOOKMARK [2][-]{subsection.10.5}{\376\377\000B\000o\000t\000t\000o\000m\000-\000u\000p\000\040\131\015\116\140\000\040\000\040\000[\000p\0001\0006\0001\040\023\0001\0008\0009\000]}{section.10}% 49
\BOOKMARK [1][-]{section.11}{\376\377\176\303\116\140\230\230\116\016\211\343\173\124\000\040\000\040\000[\000p\0001\0009\0000\040\023\0002\0000\0006\000]}{}% 50
\BOOKMARK [1][-]{section*.16}{\376\377\131\015\116\140\136\372\213\256}{}% 51
