\BOOKMARK [1][-]{section*.2}{\376\377\226\005\213\373\133\374\137\025}{}% 1
\BOOKMARK [1][-]{section.1}{\376\377\213\355\154\325\122\006\147\220\127\372\147\054\151\202\137\365}{}% 2
\BOOKMARK [2][-]{subsection.1.1}{\376\377\213\355\154\325\122\006\147\220\126\150\166\204\200\114\215\043}{section.1}% 3
\BOOKMARK [2][-]{subsection.1.2}{\376\377\122\006\147\220\145\271\154\325\122\006\174\173}{section.1}% 4
\BOOKMARK [1][-]{section.2}{\376\377\116\012\116\013\145\207\145\340\121\163\145\207\154\325\000\040\000C\000F\000G}{}% 5
\BOOKMARK [2][-]{subsection.2.1}{\376\377\000C\000F\000G\000\040\126\333\121\103\176\304}{section.2}% 6
\BOOKMARK [2][-]{subsection.2.2}{\376\377\143\250\133\374\060\001\123\345\127\213\060\001\123\345\133\120\116\016\213\355\212\000}{section.2}% 7
\BOOKMARK [2][-]{subsection.2.3}{\376\377\122\006\147\220\150\021\116\016\000\040\000A\000S\000T}{section.2}% 8
\BOOKMARK [2][-]{subsection.2.4}{\376\377\116\214\116\111\140\047\116\016\155\210\153\147}{section.2}% 9
\BOOKMARK [1][-]{section.3}{\376\377\145\207\154\325\123\330\143\142\116\016\000\040\000F\000I\000R\000S\000T\000/\000F\000O\000L\000L\000O\000W}{}% 10
\BOOKMARK [2][-]{subsection.3.1}{\376\377\135\346\220\022\137\122}{section.3}% 11
\BOOKMARK [2][-]{subsection.3.2}{\376\377\135\346\126\340\133\120\143\320\123\326}{section.3}% 12
\BOOKMARK [2][-]{subsection.3.3}{\376\377\000F\000I\000R\000S\000T\000\040\226\306}{section.3}% 13
\BOOKMARK [2][-]{subsection.3.4}{\376\377\000F\000O\000L\000L\000O\000W\000\040\226\306}{section.3}% 14
\BOOKMARK [1][-]{section.4}{\376\377\201\352\116\012\200\014\116\013\122\006\147\220\116\016\000\040\000L\000L}{}% 15
\BOOKMARK [2][-]{subsection.4.1}{\376\377\201\352\116\012\200\014\116\013\122\006\147\220\140\035\140\363}{section.4}% 16
\BOOKMARK [2][-]{subsection.4.2}{\376\377\220\022\137\122\116\013\226\115\122\006\147\220}{section.4}% 17
\BOOKMARK [2][-]{subsection.4.3}{\376\377\000L\000L\000\050\0001\000\051\000\040\145\207\154\325\147\141\116\366}{section.4}% 18
\BOOKMARK [2][-]{subsection.4.4}{\376\377\230\204\155\113\122\006\147\220\210\150\147\204\220\040}{section.4}% 19
\BOOKMARK [2][-]{subsection.4.5}{\376\377\227\136\220\022\137\122\000\040\000L\000L\000\050\0001\000\051\000\040\122\006\147\220\126\150}{section.4}% 20
\BOOKMARK [1][-]{section.5}{\376\377\201\352\116\013\200\014\116\012\122\006\147\220\116\016\171\373\217\333\000-\211\304\176\246}{}% 21
\BOOKMARK [2][-]{subsection.5.1}{\376\377\201\352\116\013\200\014\116\012\122\006\147\220\140\035\140\363}{section.5}% 22
\BOOKMARK [2][-]{subsection.5.2}{\376\377\167\355\213\355\060\001\166\364\143\245\167\355\213\355\060\001\123\345\147\304}{section.5}% 23
\BOOKMARK [2][-]{subsection.5.3}{\376\377\171\373\217\333\000-\211\304\176\246\122\250\117\134}{section.5}% 24
\BOOKMARK [2][-]{subsection.5.4}{\376\377\121\262\172\201}{section.5}% 25
\BOOKMARK [1][-]{section.6}{\376\377\000L\000R\000\040\122\006\147\220\220\032\165\050\150\106\147\266}{}% 26
\BOOKMARK [2][-]{subsection.6.1}{\376\377\000L\000R\000\050\000k\000\051\000\040\124\053\116\111}{section.6}% 27
\BOOKMARK [2][-]{subsection.6.2}{\376\377\000L\000R\000\040\122\006\147\220\126\150\176\323\147\204}{section.6}% 28
\BOOKMARK [1][-]{section.7}{\376\377\000L\000R\000\050\0000\000\051\060\001\000S\000L\000R\060\001\000L\000R\000\050\0001\000\051\060\001\000L\000A\000L\000R}{}% 29
\BOOKMARK [2][-]{subsection.7.1}{\376\377\000L\000R\000\050\0000\000\051\000\040\230\171\116\016\230\171\166\356\226\306\145\317}{section.7}% 30
\BOOKMARK [2][-]{subsection.7.2}{\376\377\000C\000L\000O\000S\000U\000R\000E\000\040\116\016\000\040\000G\000O\000T\000O}{section.7}% 31
\BOOKMARK [2][-]{subsection.7.3}{\376\377\000L\000R\000\050\0000\000\051\000\040\210\150\147\204\220\040}{section.7}% 32
\BOOKMARK [2][-]{subsection.7.4}{\376\377\000S\000L\000R\000\050\0001\000\051}{section.7}% 33
\BOOKMARK [2][-]{subsection.7.5}{\376\377\000L\000R\000\050\0001\000\051}{section.7}% 34
\BOOKMARK [2][-]{subsection.7.6}{\376\377\000L\000A\000L\000R\000\050\0001\000\051}{section.7}% 35
\BOOKMARK [1][-]{section.8}{\376\377\000L\000L\000\040\116\016\000\040\000L\000R\000\040\133\371\153\324}{}% 36
\BOOKMARK [1][-]{section.9}{\376\377\213\355\154\325\225\031\213\357\140\142\131\015}{}% 37
\BOOKMARK [2][-]{subsection.9.1}{\376\377\225\031\213\357\140\142\131\015\166\356\150\007}{section.9}% 38
\BOOKMARK [2][-]{subsection.9.2}{\376\377\136\070\211\301\225\031\213\357\140\142\131\015\173\126\165\145}{section.9}% 39
\BOOKMARK [2][-]{subsection.9.3}{\376\377\000P\000a\000n\000i\000c\000-\000m\000o\000d\000e\000\040\155\101\172\013}{section.9}% 40
\BOOKMARK [2][-]{subsection.9.4}{\376\377\000L\000L\000\040\116\016\000\040\000L\000R\000\040\116\055\166\204\225\031\213\357\140\142\131\015}{section.9}% 41
\BOOKMARK [1][-]{section.10}{\376\377\176\374\124\010\171\072\117\213\377\032\210\150\217\276\137\017\145\207\154\325\116\316\000\040\000L\000L\000\040\122\060\000\040\000L\000R}{}% 42
\BOOKMARK [1][-]{section.11}{\376\377\131\015\116\140\156\005\123\125}{}% 43
\BOOKMARK [1][-]{section*.3}{\376\377\176\323\213\355}{}% 44
