\BOOKMARK [1][-]{section.1}{\376\377\121\150\134\100\204\335\126\376\377\032\116\316\211\304\203\003\122\060\133\236\163\260\377\010\173\054\000\040\0001\040\023\0002\000\040\230\165\377\011}{}% 1
\BOOKMARK [1][-]{section.2}{\376\377\147\011\172\167\201\352\122\250\147\072\127\372\170\100\377\010\173\054\000\040\0003\040\023\0001\0003\000\040\230\165\377\011}{}% 2
\BOOKMARK [2][-]{subsection.2.1}{\376\377\116\072\116\300\116\110\227\000\211\201\147\011\172\167\201\352\122\250\147\072\000\040\000g\000r\000a\000y\000[\000p\0003\000,\0004\000]}{section.2}% 3
\BOOKMARK [2][-]{subsection.2.2}{\376\377\217\154\143\142\126\376\377\032\000F\000A\000\040\166\204\165\073\154\325\000\040\000g\000r\000a\000y\000[\000p\0005\000]}{section.2}% 4
\BOOKMARK [2][-]{subsection.2.3}{\376\377\000F\000A\000\040\134\061\146\057\000"\213\355\212\000\213\306\122\053\172\013\136\217\000"\000\040\000g\000r\000a\000y\000[\000p\0006\000,\0007\000]}{section.2}% 5
\BOOKMARK [2][-]{subsection.2.4}{\376\377\000D\000F\000A\000\040\116\016\000\040\000N\000F\000A\000\040\166\204\123\072\122\053\000\040\000g\000r\000a\000y\000[\000p\0008\000]}{section.2}% 6
\BOOKMARK [2][-]{subsection.2.5}{\376\377\000F\000A\000\040\166\204\137\142\137\017\133\232\116\111\377\032\116\224\121\103\176\304\000\040\000g\000r\000a\000y\000[\000p\0009\000]}{section.2}% 7
\BOOKMARK [2][-]{subsection.2.6}{\376\377\000N\000F\000A\000\040\116\016\000\040\000D\000F\000A\000\040\143\245\123\327\124\014\116\000\116\062\166\204\133\371\153\324\000\040\000g\000r\000a\000y\000[\000p\0001\0000\000,\0001\0001\000]}{section.2}% 8
\BOOKMARK [2][-]{subsection.2.7}{\376\377\217\154\143\142\210\150\377\032\000F\000A\000\040\166\204\123\346\116\000\171\315\210\150\171\072\000\040\000g\000r\000a\000y\000[\000p\0001\0002\000,\0001\0003\000]}{section.2}% 9
\BOOKMARK [1][-]{section.3}{\376\377\000T\000h\000o\000m\000p\000s\000o\000n\000\040\173\227\154\325\377\032\000R\000E\000\040\000\040\000N\000F\000A\377\010\173\054\000\040\0001\0004\040\023\0002\0002\000\040\230\165\377\011}{}% 10
\BOOKMARK [2][-]{subsection.3.1}{\376\377\127\372\170\100\377\032\123\237\133\120\000\040\000R\000E\000\040\166\204\000\040\000N\000F\000A\000\040\000g\000r\000a\000y\000[\000p\0001\0004\000]}{section.3}% 11
\BOOKMARK [2][-]{subsection.3.2}{\376\377\137\122\176\263\377\032\116\011\147\141\131\015\124\010\211\304\122\031\000\040\000g\000r\000a\000y\000[\000p\0001\0005\000]}{section.3}% 12
\BOOKMARK [2][-]{subsection.3.3}{\376\377\126\336\230\176\377\032\211\304\203\003\116\016\133\236\163\260\131\202\117\125\210\124\143\245\000\040\000g\000r\000a\000y\000[\000p\0001\0008\040\023\0002\0002\000]}{section.3}% 13
\BOOKMARK [1][-]{section.4}{\376\377\133\120\226\306\147\204\220\040\154\325\377\032\000N\000F\000A\000\040\000\040\000D\000F\000A\377\010\173\054\000\040\0002\0002\040\023\0003\0001\000\040\230\165\377\011}{}% 14
\BOOKMARK [2][-]{subsection.4.1}{\376\377\116\072\116\300\116\110\211\201\217\154\142\020\000\040\000D\000F\000A\000\040\000g\000r\000a\000y\000[\000p\0002\0002\000,\0002\0003\000]}{section.4}% 15
\BOOKMARK [2][-]{subsection.4.2}{\376\377\150\070\137\303\140\035\140\363\116\016\116\044\116\052\137\205\211\343\121\263\225\356\230\230\000\040\000g\000r\000a\000y\000[\000p\0002\0004\000,\0002\0005\000]}{section.4}% 16
\BOOKMARK [2][-]{subsection.4.3}{\376\377\116\044\116\052\121\163\225\056\217\320\173\227\377\032\000-\000c\000l\000o\000s\000u\000r\000e\000\040\116\016\000\040\000m\000o\000v\000e\000\040\000g\000r\000a\000y\000[\000p\0002\0005\000,\0002\0006\000]}{section.4}% 17
\BOOKMARK [2][-]{subsection.4.4}{\376\377\133\214\145\164\173\227\154\325\377\010\116\011\153\145\377\011\000g\000r\000a\000y\000[\000p\0002\0007\040\023\0003\0000\000]}{section.4}% 18
\BOOKMARK [1][-]{section.5}{\376\377\000D\000F\000A\000\040\147\000\134\017\123\026\377\032\122\006\122\162\154\325\377\010\173\054\000\040\0003\0002\040\023\0004\0000\000\040\230\165\377\011}{}% 19
\BOOKMARK [2][-]{subsection.5.1}{\376\377\116\072\116\300\116\110\200\375\147\000\134\017\123\026\060\001\166\356\150\007\146\057\116\300\116\110\000\040\000g\000r\000a\000y\000[\000p\0003\0003\000]}{section.5}% 20
\BOOKMARK [2][-]{subsection.5.2}{\376\377\122\006\122\162\173\227\154\325\377\010\000P\000a\000r\000t\000i\000t\000i\000o\000n\000\040\000A\000l\000g\000o\000r\000i\000t\000h\000m\377\011\000g\000r\000a\000y\000[\000p\0003\0004\000]}{section.5}% 21
\BOOKMARK [1][-]{section.6}{\376\377\131\015\147\102\136\246\122\006\147\220\377\010\173\054\000\040\0004\0001\040\023\0004\0002\000\040\230\165\377\011}{}% 22
\BOOKMARK [1][-]{section.7}{\376\377\210\150\232\161\122\250\133\236\163\260\116\016\000\040\000L\000e\000x\377\010\173\054\000\040\0004\0003\040\023\0006\0002\000\040\230\165\377\011}{}% 23
\BOOKMARK [2][-]{subsection.7.1}{\376\377\000L\000e\000x\000\040\166\204\155\101\154\064\176\277\000\040\000g\000r\000a\000y\000[\000p\0005\0000\000]}{section.7}% 24
\BOOKMARK [2][-]{subsection.7.2}{\376\377\131\032\152\041\137\017\124\010\136\166\142\020\116\000\116\052\000\040\000N\000F\000A\000\040\000g\000r\000a\000y\000[\000p\0005\0002\000]}{section.7}% 25
\BOOKMARK [2][-]{subsection.7.3}{\376\377\152\041\142\337\217\320\210\114\116\016\000"\131\007\116\375\000"\000\040\000g\000r\000a\000y\000[\000p\0005\0003\000,\0005\0004\000]}{section.7}% 26
\BOOKMARK [2][-]{subsection.7.4}{\376\377\213\345\123\071\221\115\131\032\225\177\377\037\155\210\153\147\211\304\122\031\000\040\000g\000r\000a\000y\000[\000p\0005\0005\000]}{section.7}% 27
\BOOKMARK [2][-]{subsection.7.5}{\376\377\121\163\225\056\133\127\140\016\116\110\123\071\221\115\000\040\000g\000r\000a\000y\000[\000p\0005\0006\000]}{section.7}% 28
\BOOKMARK [2][-]{subsection.7.6}{\376\377\000L\000e\000x\000\040\000D\000F\000A\000\040\117\213\133\120\116\016\116\214\116\111\140\047\000\040\000g\000r\000a\000y\000[\000p\0005\0007\040\023\0006\0002\000]}{section.7}% 29
\BOOKMARK [1][-]{section.8}{\376\377\153\143\122\031\213\355\212\000\166\204\147\201\226\120\116\016\134\125\147\033\377\010\173\054\000\040\0006\0003\040\023\0006\0008\000\040\230\165\377\011}{}% 30
\BOOKMARK [2][-]{subsection.8.1}{\376\377\121\150\213\262\217\154\143\142\155\101\172\013\134\017\176\323\000\040\000g\000r\000a\000y\000[\000p\0006\0006\000,\0006\0007\000]}{section.8}% 31
\BOOKMARK [1][-]{section.9}{\376\377\176\303\116\140\116\016\121\170\127\213\230\230\377\010\173\054\000\040\0006\0009\040\023\0008\0000\000\040\230\165\377\011}{}% 32
\BOOKMARK [1][-]{section*.2}{\376\377\200\003\160\271\220\037\213\260}{}% 33
