\BOOKMARK [1][-]{section.1}{\376\377\121\150\134\100\133\374\126\376\116\016\000\040\000P\000a\000r\000s\000e\000r\000\040\174\173\127\213\377\010\173\054\000\040\0003\040\023\0008\000\040\230\165\377\011}{}% 1
\BOOKMARK [2][-]{subsection.1.1}{\376\377\147\054\213\262\116\073\176\277\000\040\000\040\000[\000p\0003\000,\0004\000]}{section.1}% 2
\BOOKMARK [2][-]{subsection.1.2}{\376\377\201\352\136\225\124\021\116\012\122\006\147\220\000\040\000\040\000[\000p\0005\000]}{section.1}% 3
\BOOKMARK [2][-]{subsection.1.3}{\376\377\201\352\230\166\124\021\116\013\122\006\147\220\000\040\000\040\000[\000p\0006\000,\0007\000]}{section.1}% 4
\BOOKMARK [2][-]{subsection.1.4}{\376\377\000T\000o\000p\000-\000d\000o\000w\000n\000\040\000v\000s\000\040\000B\000o\000t\000t\000o\000m\000-\000u\000p\000\040\171\072\117\213\000\040\000\040\000[\000p\0008\000]}{section.1}% 5
\BOOKMARK [1][-]{section.2}{\376\377\220\022\137\122\116\013\226\115\122\006\147\220\116\016\126\336\156\257\377\010\173\054\000\040\0009\040\023\0001\0002\000\040\230\165\377\011}{}% 6
\BOOKMARK [2][-]{subsection.2.1}{\376\377\220\022\137\122\116\013\226\115\122\006\147\220\166\204\127\372\147\054\140\035\140\363\000\040\000\040\000[\000p\0001\0000\000]}{section.2}% 7
\BOOKMARK [2][-]{subsection.2.2}{\376\377\136\046\126\336\156\257\166\204\000\040\000R\000D\000P\000\040\000\040\000[\000p\0001\0001\000,\0001\0002\000]}{section.2}% 8
\BOOKMARK [1][-]{section.3}{\376\377\135\346\220\022\137\122\225\356\230\230\116\016\155\210\226\144\377\010\173\054\000\040\0001\0003\040\023\0002\0003\000\040\230\165\377\011}{}% 9
\BOOKMARK [2][-]{subsection.3.1}{\376\377\116\300\116\110\146\057\135\346\220\022\137\122\000\040\000\040\000[\000p\0001\0003\000,\0001\0004\000]}{section.3}% 10
\BOOKMARK [2][-]{subsection.3.2}{\376\377\155\210\226\144\166\364\143\245\135\346\220\022\137\122\377\032\123\125\116\052\220\022\137\122\120\031\220\011\137\017\000\040\000\040\000[\000p\0001\0005\000]}{section.3}% 11
\BOOKMARK [2][-]{subsection.3.3}{\376\377\155\210\226\144\166\364\143\245\135\346\220\022\137\122\377\032\131\032\116\052\120\031\220\011\137\017\000\040\000\040\000[\000p\0001\0006\000]}{section.3}% 12
\BOOKMARK [2][-]{subsection.3.4}{\376\377\225\364\143\245\135\346\220\022\137\122\123\312\174\373\176\337\155\210\226\144\173\227\154\325\000\040\000\040\000[\000p\0001\0007\040\023\0001\0009\000]}{section.3}% 13
\BOOKMARK [2][-]{subsection.3.5}{\376\377\000R\000/\000Q\000/\000S\000\040\171\072\117\213\000\040\000\040\000[\000p\0002\0000\040\023\0002\0002\000]}{section.3}% 14
\BOOKMARK [2][-]{subsection.3.6}{\376\377\220\022\137\122\116\013\226\115\122\006\147\220\166\204\134\100\226\120\000\040\000\040\000[\000p\0002\0003\000]}{section.3}% 15
\BOOKMARK [1][-]{section.4}{\376\377\230\204\155\113\122\006\147\220\116\016\135\346\126\340\133\120\143\320\123\326\377\010\173\054\000\040\0002\0004\040\023\0002\0009\000\040\230\165\377\011}{}% 16
\BOOKMARK [2][-]{subsection.4.1}{\376\377\230\204\155\113\122\006\147\220\166\204\133\232\116\111\000\040\000\040\000[\000p\0002\0005\000,\0002\0006\000]}{section.4}% 17
\BOOKMARK [2][-]{subsection.4.2}{\376\377\121\161\124\014\122\115\177\000\225\356\230\230\000\040\000\040\000[\000p\0002\0007\000]}{section.4}% 18
\BOOKMARK [2][-]{subsection.4.3}{\376\377\135\346\126\340\133\120\143\320\123\326\000\040\000\040\000[\000p\0002\0008\000]}{section.4}% 19
\BOOKMARK [2][-]{subsection.4.4}{\376\377\230\204\155\113\122\006\147\220\166\204\116\044\116\052\122\115\177\156\145\071\121\231\000\040\000\040\000[\000p\0002\0009\000]}{section.4}% 20
\BOOKMARK [1][-]{section.5}{\376\377\000F\000I\000R\000S\000T\000\040\116\016\000\040\000F\000O\000L\000L\000O\000W\377\010\173\054\000\040\0003\0000\040\023\0005\0000\000\040\230\165\377\011}{}% 21
\BOOKMARK [2][-]{subsection.5.1}{\376\377\000F\000I\000R\000S\000T\000\040\166\204\133\232\116\111\116\016\117\134\165\050\000\040\000\040\000[\000p\0003\0000\000]}{section.5}% 22
\BOOKMARK [2][-]{subsection.5.2}{\376\377\000F\000O\000L\000L\000O\000W\000\040\166\204\133\232\116\111\116\016\117\134\165\050\000\040\000\040\000[\000p\0003\0001\000,\0003\0002\000]}{section.5}% 23
\BOOKMARK [2][-]{subsection.5.3}{\376\377\000F\000O\000L\000L\000O\000W\000\040\117\177\165\050\117\213\133\120\000\040\000\040\000[\000p\0003\0002\000]}{section.5}% 24
\BOOKMARK [2][-]{subsection.5.4}{\376\377\213\241\173\227\000\040\000F\000I\000R\000S\000T\000\050\000X\000\051\000\040\166\204\211\304\122\031\000\040\000\040\000[\000p\0003\0003\000]}{section.5}% 25
\BOOKMARK [2][-]{subsection.5.5}{\376\377\213\241\173\227\000\040\000F\000I\000R\000S\000T\000\050\000a\000l\000p\000h\000a\000\051\000\040\166\204\211\304\122\031}{section.5}% 26
\BOOKMARK [2][-]{subsection.5.6}{\376\377\210\150\217\276\137\017\145\207\154\325\166\204\000\040\000F\000I\000R\000S\000T\000\040\171\072\117\213\000\040\000\040\000[\000p\0003\0005\040\023\0003\0008\000]}{section.5}% 27
\BOOKMARK [2][-]{subsection.5.7}{\376\377\213\241\173\227\000\040\000F\000O\000L\000L\000O\000W\000\040\166\204\211\304\122\031\000\040\000\040\000[\000p\0003\0009\000,\0004\0009\000,\0005\0000\000]}{section.5}% 28
\BOOKMARK [2][-]{subsection.5.8}{\376\377\210\150\217\276\137\017\145\207\154\325\166\204\000\040\000F\000O\000L\000L\000O\000W\000\040\171\072\117\213\000\040\000\040\000[\000p\0004\0000\040\023\0004\0004\000,\0005\0000\000]}{section.5}% 29
\BOOKMARK [1][-]{section.6}{\376\377\000L\000L\000\050\0001\000\051\000\040\145\207\154\325\377\010\173\054\000\040\0005\0001\040\023\0005\0003\000\040\230\165\377\011}{}% 30
\BOOKMARK [2][-]{subsection.6.1}{\376\377\000L\000L\000\050\0001\000\051\000\040\166\204\122\044\133\232\147\141\116\366\000\040\000\040\000[\000p\0005\0001\000,\0005\0002\000]}{section.6}% 31
\BOOKMARK [2][-]{subsection.6.2}{\376\377\000L\000L\000\050\0001\000\051\000\040\124\214\000\040\000L\000L\000\050\000k\000\051\000\040\166\204\124\053\116\111\000\040\000\040\000[\000p\0005\0003\000]}{section.6}% 32
\BOOKMARK [1][-]{section.7}{\376\377\000L\000L\000\050\0001\000\051\000\040\000P\000a\000r\000s\000e\000r\000\040\133\236\163\260\116\016\227\136\220\022\137\122\173\227\154\325\377\010\173\054\000\040\0005\0004\040\023\0005\0008\000\040\230\165\377\011}{}% 33
\BOOKMARK [2][-]{subsection.7.1}{\376\377\220\022\137\122\000\040\000L\000L\000\050\0001\000\051\000\040\000P\000a\000r\000s\000e\000r\000\040\000\040\000[\000p\0005\0004\000]}{section.7}% 34
\BOOKMARK [2][-]{subsection.7.2}{\376\377\227\136\220\022\137\122\000\040\000L\000L\000\050\0001\000\051\000\040\000P\000a\000r\000s\000e\000r\000\040\166\204\176\304\116\366\000\040\000\040\000[\000p\0005\0005\000,\0005\0006\000]}{section.7}% 35
\BOOKMARK [2][-]{subsection.7.3}{\376\377\227\136\220\022\137\122\000\040\000L\000L\000\050\0001\000\051\000\040\122\006\147\220\173\227\154\325\000\040\000\040\000[\000p\0005\0007\000,\0005\0008\000]}{section.7}% 36
\BOOKMARK [1][-]{section.8}{\376\377\117\177\165\050\000\040\000L\000L\000\050\0001\000\051\000\040\122\006\147\220\210\150\377\010\173\054\000\040\0005\0009\040\023\0007\0007\000\040\230\165\377\011}{}% 37
\BOOKMARK [2][-]{subsection.8.1}{\376\377\210\150\217\276\137\017\145\207\154\325\116\016\230\204\155\113\122\006\147\220\210\150\000\040\000\040\000[\000p\0005\0009\000]}{section.8}% 38
\BOOKMARK [2][-]{subsection.8.2}{\376\377\133\214\145\164\122\006\147\220\217\307\172\013\000\040\000\040\000[\000p\0006\0000\040\023\0007\0007\000]}{section.8}% 39
\BOOKMARK [1][-]{section.9}{\376\377\147\204\136\372\000\040\000L\000L\000\050\0001\000\051\000\040\122\006\147\220\210\150\377\010\173\054\000\040\0007\0008\040\023\0008\0001\000\040\230\165\377\011}{}% 40
\BOOKMARK [2][-]{subsection.9.1}{\376\377\130\153\210\150\173\227\154\325\000\040\000\040\000[\000p\0007\0008\040\023\0008\0000\000]}{section.9}% 41
\BOOKMARK [2][-]{subsection.9.2}{\376\377\210\150\217\276\137\017\145\207\154\325\166\204\133\214\145\164\000\040\000F\000I\000R\000S\000T\000/\000F\000O\000L\000L\000O\000W\000\040\124\214\210\150\000\040\000\040\000[\000p\0008\0001\000]}{section.9}% 42
\BOOKMARK [1][-]{section.10}{\376\377\122\044\145\255\000\040\000L\000L\000\050\0001\000\051\060\001\227\136\000\040\000L\000L\000\050\0001\000\051\000\040\131\004\164\006\116\016\131\015\147\102\136\246\377\010\173\054\000\040\0008\0002\040\023\0008\0009\000\040\230\165\377\011}{}% 43
\BOOKMARK [2][-]{subsection.10.1}{\376\377\122\044\145\255\116\000\116\052\145\207\154\325\146\057\124\046\000\040\000L\000L\000\050\0001\000\051\000\040\000\040\000[\000p\0008\0002\000]}{section.10}% 44
\BOOKMARK [2][-]{subsection.10.2}{\376\377\227\136\000\040\000L\000L\000\050\0001\000\051\000\040\145\207\154\325\140\016\116\110\122\236\000\040\000\040\000[\000p\0008\0003\000]}{section.10}% 45
\BOOKMARK [2][-]{subsection.10.3}{\376\377\000L\000L\000\050\0001\000\051\000\040\145\366\225\364\116\016\172\172\225\364\131\015\147\102\136\246\000\040\000\040\000[\000p\0008\0004\000,\0008\0005\000]}{section.10}% 46
\BOOKMARK [2][-]{subsection.10.4}{\376\377\147\054\213\262\140\073\176\323\000\040\000\040\000[\000p\0008\0006\040\023\0008\0009\000]}{section.10}% 47
\BOOKMARK [1][-]{section.11}{\376\377\176\303\116\140\230\230\116\016\123\302\200\003\173\124\150\110}{}% 48
