\BOOKMARK [1][-]{section.1}{\376\377\116\316\213\315\154\325\122\006\147\220\215\160\124\021\213\355\154\325\122\006\147\220\377\010\173\054\000\040\0002\040\023\0005\000\040\230\165\377\011}{}% 1
\BOOKMARK [2][-]{subsection.1.1}{\376\377\122\115\177\156\126\336\230\176\377\032\213\315\154\325\122\006\147\220\166\204\133\236\163\260\224\376\215\357\000\040\000\040\000[\000p\0002\000,\0005\000]}{section.1}% 2
\BOOKMARK [2][-]{subsection.1.2}{\376\377\153\143\122\031\213\355\212\000\166\204\134\100\226\120\000\040\000\040\000[\000p\0003\000,\0004\000]}{section.1}% 3
\BOOKMARK [2][-]{subsection.1.3}{\376\377\116\072\116\300\116\110\227\000\211\201\213\355\154\325\122\006\147\220\000\040\000\040\000[\000p\0004\000,\0005\000]}{section.1}% 4
\BOOKMARK [1][-]{section.2}{\376\377\213\355\154\325\122\006\147\220\127\050\177\026\213\321\126\150\116\055\166\204\117\115\177\156\377\010\173\054\000\040\0006\040\023\0001\0001\000\040\230\165\377\011}{}% 5
\BOOKMARK [2][-]{subsection.2.1}{\376\377\177\026\213\321\226\066\153\265\116\055\166\204\000\040\000P\000a\000r\000s\000e\000r\000\040\000\040\000[\000p\0006\000]}{section.2}% 6
\BOOKMARK [2][-]{subsection.2.2}{\376\377\213\355\154\325\122\006\147\220\166\204\133\232\116\111\000\040\000\040\000[\000p\0009\000,\0001\0000\000]}{section.2}% 7
\BOOKMARK [2][-]{subsection.2.3}{\376\377\213\355\154\325\122\006\147\220\116\076\117\213\000\040\000\040\000[\000p\0001\0001\000]}{section.2}% 8
\BOOKMARK [1][-]{section.3}{\376\377\131\202\117\125\133\232\116\111\213\355\154\325\377\032\137\142\137\017\213\355\212\000\116\016\145\207\154\325\377\010\173\054\000\040\0001\0002\040\023\0001\0006\000\040\230\165\377\011}{}% 9
\BOOKMARK [2][-]{subsection.3.1}{\376\377\201\352\161\066\213\355\212\000\116\016\137\142\137\017\213\355\212\000\000\040\000\040\000[\000p\0001\0002\000,\0001\0003\000]}{section.3}% 10
\BOOKMARK [2][-]{subsection.3.2}{\376\377\145\207\154\325\166\204\126\333\121\103\176\304\133\232\116\111\000\040\000\040\000[\000p\0001\0004\000]}{section.3}% 11
\BOOKMARK [2][-]{subsection.3.3}{\376\377\116\247\165\037\137\017\116\016\000\040\000B\000N\000F\000\040\000\040\000[\000p\0001\0005\000]}{section.3}% 12
\BOOKMARK [2][-]{subsection.3.4}{\376\377\116\055\145\207\123\345\133\120\166\204\145\207\154\325\117\213\133\120\000\040\000\040\000[\000p\0001\0006\000]}{section.3}% 13
\BOOKMARK [1][-]{section.4}{\376\377\116\012\116\013\145\207\145\340\121\163\145\207\154\325\000\040\000C\000F\000G\377\010\173\054\000\040\0001\0007\040\023\0002\0003\000\040\230\165\377\011}{}% 14
\BOOKMARK [2][-]{subsection.4.1}{\376\377\116\072\116\300\116\110\000\040\000C\000F\000G\000\040\220\002\124\010\172\013\136\217\213\355\154\325\000\040\000\040\000[\000p\0001\0007\000]}{section.4}% 15
\BOOKMARK [2][-]{subsection.4.2}{\376\377\000C\000F\000G\000\040\166\204\137\142\137\017\123\026\133\232\116\111\000\040\000\040\000[\000p\0001\0008\000]}{section.4}% 16
\BOOKMARK [2][-]{subsection.4.3}{\376\377\173\227\147\057\210\150\217\276\137\017\000\040\000C\000F\000G\000\040\000\040\000[\000p\0001\0008\000,\0001\0009\000,\0002\0003\000]}{section.4}% 17
\BOOKMARK [2][-]{subsection.4.4}{\376\377\145\207\154\325\116\146\121\231\176\246\133\232\000\040\000\040\000[\000p\0002\0000\040\023\0002\0003\000]}{section.4}% 18
\BOOKMARK [1][-]{section.5}{\376\377\143\250\133\374\377\032\116\316\145\207\154\325\122\060\213\355\212\000\377\010\173\054\000\040\0002\0004\040\023\0003\0000\000\040\230\165\377\011}{}% 19
\BOOKMARK [2][-]{subsection.5.1}{\376\377\143\250\133\374\166\204\127\372\147\054\133\232\116\111\000\040\000\040\000[\000p\0002\0005\000]}{section.5}% 20
\BOOKMARK [2][-]{subsection.5.2}{\376\377\123\345\127\213\060\001\123\345\133\120\116\016\213\355\212\000\000\040\000\040\000[\000p\0002\0006\000]}{section.5}% 21
\BOOKMARK [2][-]{subsection.5.3}{\376\377\117\213\133\120\377\032\000A\000\040\000-\000>\000\040\000c\000\040\000|\000\040\000A\000b\000\040\165\037\142\020\166\204\213\355\212\000}{section.5}% 22
\BOOKMARK [2][-]{subsection.5.4}{\376\377\143\250\133\374\217\307\172\013\116\055\166\204\220\011\142\351\000\040\000\040\000[\000p\0002\0008\000,\0002\0009\000]}{section.5}% 23
\BOOKMARK [2][-]{subsection.5.5}{\376\377\147\000\135\346\143\250\133\374\116\016\147\000\123\363\143\250\133\374\000\040\000\040\000[\000p\0002\0009\000,\0003\0000\000]}{section.5}% 24
\BOOKMARK [1][-]{section.6}{\376\377\122\006\147\220\150\021\000\040\000P\000a\000r\000s\000e\000\040\000T\000r\000e\000e\377\010\173\054\000\040\0003\0001\040\023\0003\0005\000\040\230\165\377\011}{}% 25
\BOOKMARK [2][-]{subsection.6.1}{\376\377\122\006\147\220\150\021\166\204\133\232\116\111\000\040\000\040\000[\000p\0003\0002\000,\0003\0003\000]}{section.6}% 26
\BOOKMARK [2][-]{subsection.6.2}{\376\377\123\366\133\120\060\001\116\247\121\372\116\016\217\271\177\030\000\040\000\040\000[\000p\0003\0004\000,\0003\0005\000]}{section.6}% 27
\BOOKMARK [2][-]{subsection.6.3}{\376\377\134\017\127\213\122\006\147\220\150\021\171\072\141\017}{section.6}% 28
\BOOKMARK [1][-]{section.7}{\376\377\116\214\116\111\140\047\116\016\155\210\153\147\377\010\173\054\000\040\0003\0006\040\023\0004\0001\000\040\230\165\377\011}{}% 29
\BOOKMARK [2][-]{subsection.7.1}{\376\377\116\214\116\111\140\047\166\204\127\372\147\054\225\356\230\230\000\040\000\040\000[\000p\0003\0006\000,\0003\0007\000]}{section.7}% 30
\BOOKMARK [2][-]{subsection.7.2}{\376\377\145\207\154\325\116\214\116\111\140\047\116\016\213\355\212\000\116\214\116\111\140\047\000\040\000\040\000[\000p\0003\0008\000]}{section.7}% 31
\BOOKMARK [2][-]{subsection.7.3}{\376\377\116\214\116\111\140\047\122\044\133\232\166\204\126\360\226\276\000\040\000\040\000[\000p\0003\0009\000]}{section.7}% 32
\BOOKMARK [2][-]{subsection.7.4}{\376\377\165\050\117\030\121\110\176\247\124\214\176\323\124\010\140\047\155\210\226\144\210\150\217\276\137\017\116\214\116\111\140\047\000\040\000\040\000[\000p\0004\0000\000,\0004\0001\000]}{section.7}% 33
\BOOKMARK [1][-]{section.8}{\376\377\116\124\131\306\145\257\127\372\145\207\154\325\117\123\174\373\377\010\173\054\000\040\0004\0002\040\023\0004\0009\000\040\230\165\377\011}{}% 34
\BOOKMARK [2][-]{subsection.8.1}{\376\377\126\333\174\173\145\207\154\325\140\073\211\310\000\040\000\040\000[\000p\0004\0002\000,\0004\0003\000]}{section.8}% 35
\BOOKMARK [2][-]{subsection.8.2}{\376\377\000T\000y\000p\000e\000\040\0000\377\032\145\340\226\120\122\066\145\207\154\325\000\040\000\040\000[\000p\0004\0004\000]}{section.8}% 36
\BOOKMARK [2][-]{subsection.8.3}{\376\377\000T\000y\000p\000e\000\040\0001\377\032\116\012\116\013\145\207\147\011\121\163\145\207\154\325\000\040\000\040\000[\000p\0004\0005\000]}{section.8}% 37
\BOOKMARK [2][-]{subsection.8.4}{\376\377\000T\000y\000p\000e\000\040\0002\377\032\116\012\116\013\145\207\145\340\121\163\145\207\154\325\000\040\000\040\000[\000p\0004\0006\000]}{section.8}% 38
\BOOKMARK [2][-]{subsection.8.5}{\376\377\000T\000y\000p\000e\000\040\0003\377\032\153\143\122\031\145\207\154\325\000\040\000\040\000[\000p\0004\0007\000,\0004\0008\000]}{section.8}% 39
\BOOKMARK [2][-]{subsection.8.6}{\376\377\126\333\174\173\145\207\154\325\133\371\153\324\000\040\000\040\000[\000p\0004\0009\000]}{section.8}% 40
\BOOKMARK [1][-]{section.9}{\376\377\133\236\215\365\116\055\166\204\213\355\154\325\122\006\147\220\116\016\000\040\000A\000S\000T\377\010\173\054\000\040\0005\0000\040\023\0005\0005\000\040\230\165\377\011}{}% 41
\BOOKMARK [2][-]{subsection.9.1}{\376\377\116\072\116\300\116\110\177\026\213\321\126\150\116\315\131\047\221\317\117\177\165\050\000\040\000C\000F\000G\000\040\000\040\000[\000p\0005\0000\000]}{section.9}% 42
\BOOKMARK [2][-]{subsection.9.2}{\376\377\000P\000a\000r\000s\000i\000n\000g\000\040\122\060\136\225\120\132\116\300\116\110\000\040\000\040\000[\000p\0005\0001\000]}{section.9}% 43
\BOOKMARK [2][-]{subsection.9.3}{\376\377\000P\000a\000r\000s\000e\000\040\000T\000r\000e\000e\000\040\000v\000s\000\040\000A\000S\000T\000\040\000\040\000[\000p\0005\0002\000]}{section.9}% 44
\BOOKMARK [2][-]{subsection.9.4}{\376\377\213\376\172\013\140\073\176\323\000\040\000\040\000[\000p\0005\0003\040\023\0005\0005\000]}{section.9}% 45
\BOOKMARK [1][-]{section.10}{\376\377\176\303\116\140\230\230\116\016\123\302\200\003\173\124\150\110}{}% 46
