\BOOKMARK [1][-]{section*.2}{\376\377\226\005\213\373\133\374\137\025}{}% 1
\BOOKMARK [1][-]{section.1}{\376\377\177\026\213\321\226\066\153\265\116\016\117\030\123\026\121\145\123\343\000\040\000\040\000[\000p\0001\040\023\0003\000]}{}% 2
\BOOKMARK [1][-]{section.2}{\376\377\117\030\123\026\166\356\150\007\060\001\123\321\165\037\117\115\177\156\116\016\127\372\147\054\123\237\122\031\000\040\000\040\000[\000p\0004\040\023\0006\000]}{}% 3
\BOOKMARK [2][-]{subsection.2.1}{\376\377\117\030\123\026\126\150\120\132\116\300\116\110\000\040\000\040\000[\000p\0004\000]}{section.2}% 4
\BOOKMARK [2][-]{subsection.2.2}{\376\377\117\030\123\026\123\321\165\037\127\050\124\352\221\314\000\040\000\040\000[\000p\0005\000]}{section.2}% 5
\BOOKMARK [2][-]{subsection.2.3}{\376\377\117\030\123\026\123\237\122\031\000\040\000\040\000[\000p\0006\000]}{section.2}% 6
\BOOKMARK [1][-]{section.3}{\376\377\117\030\123\026\122\006\174\173\377\032\136\003\134\100\166\370\121\163\116\016\116\343\170\001\166\370\121\163\000\040\000\040\000[\000p\0007\040\023\0001\0004\000]}{}% 7
\BOOKMARK [2][-]{subsection.3.1}{\376\377\117\030\123\026\147\054\215\050\146\057\172\013\136\217\123\330\143\142\000\040\000\040\000[\000p\0007\040\023\0009\000]}{section.3}% 8
\BOOKMARK [2][-]{subsection.3.2}{\376\377\116\343\170\001\136\003\134\100\171\072\117\213\000\040\000\040\000[\000p\0001\0000\000]}{section.3}% 9
\BOOKMARK [2][-]{subsection.3.3}{\376\377\145\160\143\156\136\003\134\100\171\072\117\213\000\040\000\040\000[\000p\0001\0001\040\023\0001\0002\000]}{section.3}% 10
\BOOKMARK [1][-]{section.4}{\376\377\116\343\170\001\166\370\121\163\117\030\123\026\166\204\126\333\174\173\123\330\143\142\000\040\000\040\000[\000p\0001\0005\000]}{}% 11
\BOOKMARK [1][-]{section.5}{\376\377\143\247\122\066\155\101\122\006\147\220\060\001\127\372\147\054\127\127\116\016\000\040\000C\000F\000G\000\040\000\040\000[\000p\0001\0006\040\023\0002\0002\000]}{}% 12
\BOOKMARK [2][-]{subsection.5.1}{\376\377\143\247\122\066\155\101\122\006\147\220\000\040\000\040\000[\000p\0001\0006\000]}{section.5}% 13
\BOOKMARK [2][-]{subsection.5.2}{\376\377\127\372\147\054\127\127\000\040\000\040\000[\000p\0001\0007\000]}{section.5}% 14
\BOOKMARK [2][-]{subsection.5.3}{\376\377\143\247\122\066\155\101\126\376\000\040\000\040\000[\000p\0001\0008\000]}{section.5}% 15
\BOOKMARK [2][-]{subsection.5.4}{\376\377\147\204\220\040\000\040\000C\000F\000G\000\040\000\040\000[\000p\0001\0009\040\023\0002\0002\000]}{section.5}% 16
\BOOKMARK [1][-]{section.6}{\376\377\134\100\220\350\117\030\123\026\116\016\000\040\000D\000A\000G\000\040\000\040\000[\000p\0002\0003\040\023\0003\0003\000]}{}% 17
\BOOKMARK [2][-]{subsection.6.1}{\376\377\134\100\220\350\117\030\123\026\116\016\121\150\134\100\117\030\123\026\000\040\000\040\000[\000p\0002\0003\000]}{section.6}% 18
\BOOKMARK [2][-]{subsection.6.2}{\376\377\121\154\121\161\133\120\210\150\217\276\137\017\155\210\226\144\116\016\153\173\116\343\170\001\122\040\226\144\000\040\000\040\000[\000p\0002\0005\000]}{section.6}% 19
\BOOKMARK [2][-]{subsection.6.3}{\376\377\127\372\147\054\127\127\000\040\000D\000A\000G\000\040\000\040\000[\000p\0002\0006\040\023\0002\0009\000]}{section.6}% 20
\BOOKMARK [2][-]{subsection.6.4}{\376\377\116\343\145\160\140\122\173\111\137\017\116\016\137\072\136\246\122\112\121\317\000\040\000\040\000[\000p\0003\0000\040\023\0003\0001\000]}{section.6}% 21
\BOOKMARK [2][-]{subsection.6.5}{\376\377\136\070\221\317\142\230\123\340\116\016\136\070\221\317\117\040\144\255\000\040\000\040\000[\000p\0003\0002\040\023\0003\0003\000]}{section.6}% 22
\BOOKMARK [1][-]{section.7}{\376\377\121\150\134\100\117\030\123\026\060\001\117\335\133\210\140\047\116\016\145\160\143\156\155\101\122\006\147\220\000\040\000\040\000[\000p\0003\0004\040\023\0004\0001\000]}{}% 23
\BOOKMARK [2][-]{subsection.7.1}{\376\377\121\150\134\100\117\030\123\026\137\305\230\173\133\371\142\100\147\011\215\357\137\204\153\143\170\156\000\040\000\040\000[\000p\0003\0005\040\023\0003\0006\000]}{section.7}% 24
\BOOKMARK [2][-]{subsection.7.2}{\376\377\117\335\133\210\140\047\123\237\122\031\000\040\000\040\000[\000p\0003\0007\000]}{section.7}% 25
\BOOKMARK [2][-]{subsection.7.3}{\376\377\145\160\143\156\155\101\122\006\147\220\000\040\000\040\000[\000p\0003\0008\000]}{section.7}% 26
\BOOKMARK [2][-]{subsection.7.4}{\376\377\121\150\134\100\136\070\221\317\117\040\144\255\000\040\000\040\000[\000p\0003\0009\040\023\0004\0001\000]}{section.7}% 27
\BOOKMARK [1][-]{section.8}{\376\377\000L\000L\000V\000M\000\040\000P\000a\000s\000s\000\040\116\016\117\030\123\026\173\111\176\247\000\040\000\040\000[\000p\0004\0002\040\023\0004\0005\000]}{}% 28
\BOOKMARK [2][-]{subsection.8.1}{\376\377\000L\000L\000V\000M\000\040\000P\000a\000s\000s\000\040\000\040\000[\000p\0004\0002\040\023\0004\0003\000]}{section.8}% 29
\BOOKMARK [2][-]{subsection.8.2}{\376\377\117\030\123\026\173\111\176\247\000\040\000\040\000[\000p\0004\0004\040\023\0004\0005\000]}{section.8}% 30
\BOOKMARK [1][-]{section.9}{\376\377\140\073\176\323\116\016\226\005\213\373\000\040\000\040\000[\000p\0004\0006\040\023\0004\0007\000]}{}% 31
\BOOKMARK [1][-]{section.10}{\376\377\000D\000A\000G\000\040\147\204\220\040\131\015\116\140\000\040\000\040\000[\000p\0004\0008\040\023\0005\0000\000]}{}% 32
\BOOKMARK [1][-]{section.11}{\376\377\176\303\116\140\230\230\116\016\211\343\173\124}{}% 33
\BOOKMARK [1][-]{section*.15}{\376\377\131\015\116\140\136\372\213\256}{}% 34
