\BOOKMARK [1][-]{section*.2}{\376\377\226\005\213\373\133\374\137\025}{}% 1
\BOOKMARK [1][-]{section.1}{\376\377\127\372\170\100\151\202\137\365}{}% 2
\BOOKMARK [2][-]{subsection.1.1}{\376\377\153\143\211\304\210\150\217\276\137\017}{section.1}% 3
\BOOKMARK [2][-]{subsection.1.2}{\376\377\000N\000F\000A\000\040\116\016\000\040\000D\000F\000A}{section.1}% 4
\BOOKMARK [1][-]{section.2}{\376\377\000T\000h\000o\000m\000p\000s\000o\000n\000\040\173\227\154\325\377\032\000R\000E\000\040\122\060\000\040\000N\000F\000A}{}% 5
\BOOKMARK [2][-]{subsection.2.1}{\376\377\173\227\154\325\140\035\140\363}{section.2}% 6
\BOOKMARK [2][-]{subsection.2.2}{\376\377\127\372\147\054\147\204\220\040\211\304\122\031}{section.2}% 7
\BOOKMARK [2][-]{subsection.2.3}{\376\377\000T\000h\000o\000m\000p\000s\000o\000n\000\040\173\227\154\325\153\145\232\244}{section.2}% 8
\BOOKMARK [2][-]{subsection.2.4}{\376\377\131\015\147\102\136\246\122\006\147\220}{section.2}% 9
\BOOKMARK [1][-]{section.3}{\376\377\133\214\145\164\171\072\117\213\377\032\147\204\220\040\000\040\000T\000h\000o\000m\000p\000s\000o\000n\000\040\000N\000F\000A}{}% 10
\BOOKMARK [1][-]{section.4}{\376\377\133\120\226\306\147\204\220\040\154\325\377\032\000N\000F\000A\000\040\122\060\000\040\000D\000F\000A}{}% 11
\BOOKMARK [2][-]{subsection.4.1}{\376\377\150\070\137\303\140\035\140\363}{section.4}% 12
\BOOKMARK [2][-]{subsection.4.2}{\376\377\173\227\154\325\155\101\172\013}{section.4}% 13
\BOOKMARK [2][-]{subsection.4.3}{\376\377\131\015\147\102\136\246\122\006\147\220}{section.4}% 14
\BOOKMARK [1][-]{section.5}{\376\377\133\214\145\164\171\072\117\213\377\032\133\120\226\306\147\204\220\040\000\040\000D\000F\000A}{}% 15
\BOOKMARK [1][-]{section.6}{\376\377\000D\000F\000A\000\040\147\000\134\017\123\026}{}% 16
\BOOKMARK [2][-]{subsection.6.1}{\376\377\116\072\116\300\116\110\211\201\147\000\134\017\123\026}{section.6}% 17
\BOOKMARK [2][-]{subsection.6.2}{\376\377\122\022\122\006\176\306\123\026\173\227\154\325}{section.6}% 18
\BOOKMARK [2][-]{subsection.6.3}{\376\377\131\015\147\102\136\246\122\006\147\220}{section.6}% 19
\BOOKMARK [1][-]{section.7}{\376\377\133\214\145\164\171\072\117\213\377\032\000D\000F\000A\000\040\147\000\134\017\123\026}{}% 20
\BOOKMARK [1][-]{section.8}{\376\377\135\345\172\013\133\236\163\260\143\320\171\072}{}% 21
\BOOKMARK [2][-]{subsection.8.1}{\376\377\116\316\131\032\116\052\000\040\000t\000o\000k\000e\000n\000\040\211\304\122\031\147\204\220\040\213\315\154\325\122\006\147\220\126\150}{section.8}% 22
\BOOKMARK [2][-]{subsection.8.2}{\376\377\136\070\211\301\146\023\225\031\160\271}{section.8}% 23
\BOOKMARK [1][-]{section.9}{\376\377\176\303\116\140\230\230\116\016\211\343\173\124}{}% 24
\BOOKMARK [1][-]{section*.12}{\376\377\131\015\116\140\140\073\176\323}{}% 25
