\BOOKMARK [1][-]{section*.2}{\376\377\226\005\213\373\133\374\137\025}{}% 1
\BOOKMARK [1][-]{section.1}{\376\377\177\026\213\321\226\066\153\265\116\016\213\355\116\111\122\006\147\220\117\115\177\156\000\040\000\040\000[\000p\0001\040\023\0004\000]}{}% 2
\BOOKMARK [1][-]{section.2}{\376\377\116\072\116\300\116\110\227\000\211\201\213\355\116\111\122\006\147\220\000\040\000\040\000[\000p\0005\040\023\0008\000]}{}% 3
\BOOKMARK [2][-]{subsection.2.1}{\376\377\116\012\116\013\145\207\121\263\133\232\124\053\116\111\000\040\000\040\000[\000p\0005\040\023\0006\000]}{section.2}% 4
\BOOKMARK [2][-]{subsection.2.2}{\376\377\213\355\116\111\122\006\147\220\211\201\120\132\116\300\116\110\000\040\000\040\000[\000p\0007\000]}{section.2}% 5
\BOOKMARK [2][-]{subsection.2.3}{\376\377\116\044\174\173\133\236\163\260\145\271\137\017\000\040\000\040\000[\000p\0008\000]}{section.2}% 6
\BOOKMARK [1][-]{section.3}{\376\377\213\355\154\325\122\066\133\374\177\373\213\321\060\001\134\136\140\047\060\001\000S\000D\000D\000\040\116\016\000\040\000S\000D\000T\000\040\000\040\000[\000p\0009\040\023\0001\0007\000]}{}% 7
\BOOKMARK [2][-]{subsection.3.1}{\376\377\213\355\154\325\122\066\133\374\177\373\213\321\000\040\000\040\000[\000p\0009\040\023\0001\0001\000]}{section.3}% 8
\BOOKMARK [2][-]{subsection.3.2}{\376\377\213\355\116\111\134\136\140\047\000\040\000\040\000[\000p\0001\0002\000]}{section.3}% 9
\BOOKMARK [2][-]{subsection.3.3}{\376\377\000S\000D\000D\377\032\213\355\154\325\122\066\133\374\133\232\116\111\000\040\000\040\000[\000p\0001\0003\040\023\0001\0004\000]}{section.3}% 10
\BOOKMARK [2][-]{subsection.3.4}{\376\377\000S\000D\000T\377\032\213\355\154\325\122\066\133\374\177\373\213\321\145\271\150\110\000\040\000\040\000[\000p\0001\0005\000]}{section.3}% 11
\BOOKMARK [2][-]{subsection.3.5}{\376\377\000S\000D\000D\000\040\116\016\000\040\000S\000D\000T\000\040\166\204\123\072\122\053\000\040\000\040\000[\000p\0001\0006\040\023\0001\0007\000]}{section.3}% 12
\BOOKMARK [1][-]{section.4}{\376\377\000S\000D\000D\000\040\134\136\140\047\174\173\127\213\116\016\127\372\147\054\151\202\137\365\000\040\000\040\000[\000p\0001\0008\040\023\0002\0008\000]}{}% 13
\BOOKMARK [2][-]{subsection.4.1}{\376\377\176\374\124\010\134\136\140\047\116\016\176\347\142\177\134\136\140\047\000\040\000\040\000[\000p\0001\0009\040\023\0002\0003\000]}{section.4}% 14
\BOOKMARK [2][-]{subsection.4.2}{\376\377\117\213\133\120\377\032\210\150\217\276\137\017\120\074\116\016\123\330\221\317\174\173\127\213\000\040\000\040\000[\000p\0002\0004\040\023\0002\0005\000]}{section.4}% 15
\BOOKMARK [2][-]{subsection.4.3}{\376\377\122\157\117\134\165\050\060\001\134\136\140\047\145\207\154\325\124\214\150\007\154\350\122\006\147\220\150\021\000\040\000\040\000[\000p\0002\0006\040\023\0002\0008\000]}{section.4}% 16
\BOOKMARK [1][-]{section.5}{\376\377\117\235\215\126\126\376\116\016\134\136\140\047\120\074\213\241\173\227\230\172\136\217\000\040\000\040\000[\000p\0002\0009\040\023\0003\0003\000]}{}% 17
\BOOKMARK [2][-]{subsection.5.1}{\376\377\117\235\215\126\126\376\000\040\000\040\000[\000p\0002\0009\040\023\0003\0000\000]}{section.5}% 18
\BOOKMARK [2][-]{subsection.5.2}{\376\377\142\323\142\121\136\217\124\214\163\257\000\040\000\040\000[\000p\0003\0001\040\023\0003\0003\000]}{section.5}% 19
\BOOKMARK [1][-]{section.6}{\376\377\000S\000-\000A\000t\000t\000r\000i\000b\000u\000t\000e\000d\000\040\116\016\000\040\000L\000-\000A\000t\000t\000r\000i\000b\000u\000t\000e\000d\000\040\000D\000e\000f\000i\000n\000i\000t\000i\000o\000n\000s\000\040\000\040\000[\000p\0003\0004\040\023\0003\0007\000]}{}% 20
\BOOKMARK [2][-]{subsection.6.1}{\376\377\000S\000-\000A\000t\000t\000r\000i\000b\000u\000t\000e\000d\000\040\000D\000e\000f\000i\000n\000i\000t\000i\000o\000n\000\040\000\040\000[\000p\0003\0005\000]}{section.6}% 21
\BOOKMARK [2][-]{subsection.6.2}{\376\377\000L\000-\000A\000t\000t\000r\000i\000b\000u\000t\000e\000d\000\040\000D\000e\000f\000i\000n\000i\000t\000i\000o\000n\000\040\000\040\000[\000p\0003\0006\040\023\0003\0007\000]}{section.6}% 22
\BOOKMARK [1][-]{section.7}{\376\377\000S\000D\000T\000\040\166\204\133\236\163\260\116\016\000\040\000S\000-\000S\000D\000D\000\040\166\204\000\040\000L\000R\000\040\133\236\163\260\000\040\000\040\000[\000p\0003\0008\040\023\0004\0007\000]}{}% 23
\BOOKMARK [2][-]{subsection.7.1}{\376\377\116\044\174\173\133\236\163\260\215\357\137\204\000\040\000\040\000[\000p\0003\0009\040\023\0004\0000\000]}{section.7}% 24
\BOOKMARK [2][-]{subsection.7.2}{\376\377\000S\000-\000S\000D\000D\000\040\217\154\000\040\000p\000o\000s\000t\000f\000i\000x\000\040\000S\000D\000T\000\040\000\040\000[\000p\0004\0001\040\023\0004\0002\000]}{section.7}% 25
\BOOKMARK [2][-]{subsection.7.3}{\376\377\142\151\134\125\000\040\000L\000R\000\040\122\006\147\220\150\010\000\040\000\040\000[\000p\0004\0003\040\023\0004\0007\000]}{section.7}% 26
\BOOKMARK [1][-]{section.8}{\376\377\000L\000-\000S\000D\000D\000\040\122\060\000\040\000S\000D\000T\060\001\155\210\226\144\135\346\220\022\137\122\116\016\134\136\140\047\117\040\220\022\000\040\000\040\000[\000p\0004\0008\040\023\0006\0000\000]}{}% 27
\BOOKMARK [2][-]{subsection.8.1}{\376\377\000L\000-\000S\000D\000D\000\040\217\154\000\040\000S\000D\000T\000\040\166\204\211\304\122\031\000\040\000\040\000[\000p\0004\0008\040\023\0005\0000\000]}{section.8}% 28
\BOOKMARK [2][-]{subsection.8.2}{\376\377\155\210\226\144\135\346\220\022\137\122\145\366\117\335\165\131\213\355\116\111\122\250\117\134\000\040\000\040\000[\000p\0005\0001\040\023\0005\0005\000]}{section.8}% 29
\BOOKMARK [1][-]{section.9}{\376\377\000L\000-\000S\000D\000D\000\040\127\050\000\040\000L\000L\000/\000R\000D\000P\000/\000L\000R\000\040\116\055\166\204\133\236\163\260\000\040\000\040\000[\000p\0006\0001\040\023\0007\0003\000]}{}% 30
\BOOKMARK [2][-]{subsection.9.1}{\376\377\220\022\137\122\116\013\226\115\133\236\163\260\000\040\000\040\000[\000p\0006\0001\040\023\0006\0002\000]}{section.9}% 31
\BOOKMARK [2][-]{subsection.9.2}{\376\377\227\136\220\022\137\122\000\040\000L\000L\000\040\230\204\155\113\122\006\147\220\133\236\163\260\000\040\000\040\000[\000p\0006\0003\040\023\0006\0007\000]}{section.9}% 32
\BOOKMARK [2][-]{subsection.9.3}{\376\377\000L\000-\000S\000D\000D\000\040\127\050\000\040\000L\000R\000\040\116\055\166\204\000\040\000m\000a\000r\000k\000e\000r\000\040\142\200\135\347\000\040\000\040\000[\000p\0006\0008\040\023\0007\0003\000]}{section.9}% 33
\BOOKMARK [1][-]{section.10}{\376\377\213\355\116\111\122\006\147\220\136\224\165\050\377\032\176\321\133\232\060\001\117\134\165\050\127\337\060\001\173\046\123\367\210\150\000\040\000\040\000[\000p\0007\0004\040\023\0009\0003\000]}{}% 34
\BOOKMARK [2][-]{subsection.10.1}{\376\377\000B\000i\000n\000d\000i\000n\000g\000\040\116\016\000\040\000S\000c\000o\000p\000e\000\040\000\040\000[\000p\0007\0006\040\023\0008\0000\000]}{section.10}% 35
\BOOKMARK [2][-]{subsection.10.2}{\376\377\173\046\123\367\210\150\146\057\116\300\116\110\000\040\000\040\000[\000p\0008\0001\040\023\0008\0002\000]}{section.10}% 36
\BOOKMARK [2][-]{subsection.10.3}{\376\377\173\046\123\367\210\150\145\160\143\156\176\323\147\204\000\040\000\040\000[\000p\0008\0003\040\023\0008\0007\000]}{section.10}% 37
\BOOKMARK [2][-]{subsection.10.4}{\376\377\131\004\164\006\131\032\117\134\165\050\127\337\000\040\000\040\000[\000p\0008\0008\040\023\0009\0000\000]}{section.10}% 38
\BOOKMARK [2][-]{subsection.10.5}{\376\377\173\046\123\367\210\150\147\141\166\356\124\214\174\173\127\213\117\341\140\157\000\040\000\040\000[\000p\0009\0001\040\023\0009\0003\000]}{section.10}% 39
\BOOKMARK [1][-]{section.11}{\376\377\174\173\127\213\060\001\174\173\127\213\150\300\147\345\116\016\174\173\127\213\174\373\176\337\000\040\000\040\000[\000p\0009\0004\040\023\0001\0000\0003\000]}{}% 40
\BOOKMARK [2][-]{subsection.11.1}{\376\377\000T\000y\000p\000e\000\040\116\016\000\040\000T\000y\000p\000e\000\040\000C\000h\000e\000c\000k\000i\000n\000g\000\040\000\040\000[\000p\0009\0004\000]}{section.11}% 41
\BOOKMARK [2][-]{subsection.11.2}{\376\377\227\131\140\001\116\016\122\250\140\001\174\173\127\213\150\300\147\345\000\040\000\040\000[\000p\0009\0005\040\023\0009\0006\000]}{section.11}% 42
\BOOKMARK [2][-]{subsection.11.3}{\376\377\000S\000t\000a\000t\000i\000c\000\040\000T\000y\000p\000i\000n\000g\000\040\116\016\000\040\000D\000y\000n\000a\000m\000i\000c\000\040\000T\000y\000p\000i\000n\000g\000\040\000\040\000[\000p\0009\0007\040\023\0009\0009\000]}{section.11}% 43
\BOOKMARK [1][-]{section.12}{\376\377\213\376\116\366\140\073\176\323\000\040\000\040\000[\000p\0001\0000\0000\040\023\0001\0000\0003\000]}{}% 44
\BOOKMARK [1][-]{section.13}{\376\377\176\303\116\140\230\230\116\016\211\343\173\124\000\040\000\040\000[\000p\0001\0000\0004\040\023\0001\0002\0009\000]}{}% 45
\BOOKMARK [1][-]{section*.16}{\376\377\131\015\116\140\136\372\213\256}{}% 46
