\BOOKMARK [1][-]{section*.2}{\376\377\226\005\213\373\133\374\137\025}{}% 1
\BOOKMARK [1][-]{section.1}{\376\377\177\026\213\321\226\066\153\265\116\016\166\356\150\007\116\343\170\001\165\037\142\020\116\373\122\241\000\040\000\040\000[\000p\0001\040\023\0006\000]}{}% 2
\BOOKMARK [2][-]{subsection.1.1}{\376\377\166\356\150\007\116\343\170\001\165\037\142\020\166\204\117\115\177\156\000\040\000\040\000[\000p\0001\040\023\0003\000]}{section.1}% 3
\BOOKMARK [2][-]{subsection.1.2}{\376\377\116\011\116\052\116\073\211\201\116\373\122\241\000\040\000\040\000[\000p\0004\040\023\0006\000]}{section.1}% 4
\BOOKMARK [1][-]{section.2}{\376\377\150\010\137\017\213\241\173\227\147\072\060\001\175\057\122\240\126\150\116\016\000\040\000M\000I\000P\000S\000\040\127\372\170\100\000\040\000\040\000[\000p\0007\040\023\0001\0003\000]}{}% 5
\BOOKMARK [2][-]{subsection.2.1}{\376\377\150\010\137\017\213\241\173\227\147\072\000\040\000\040\000[\000p\0007\000]}{section.2}% 6
\BOOKMARK [2][-]{subsection.2.2}{\376\377\165\050\175\057\122\240\126\150\117\030\123\026\150\010\137\017\147\072\126\150\000\040\000\040\000[\000p\0008\040\023\0009\000]}{section.2}% 7
\BOOKMARK [2][-]{subsection.2.3}{\376\377\116\316\150\010\137\017\147\072\126\150\122\060\000\040\000M\000I\000P\000S\000\040\000\040\000[\000p\0001\0000\040\023\0001\0003\000]}{section.2}% 8
\BOOKMARK [1][-]{section.3}{\376\377\133\304\133\130\126\150\117\335\133\130\140\142\131\015\060\001\150\010\144\315\117\134\124\214\210\150\217\276\137\017\116\343\170\001\165\037\142\020\000\040\000\040\000[\000p\0001\0004\040\023\0002\0000\000]}{}% 9
\BOOKMARK [2][-]{subsection.3.1}{\376\377\116\072\116\300\116\110\211\201\117\335\133\130\000/\140\142\131\015\133\304\133\130\126\150\000\040\000\040\000[\000p\0001\0004\040\023\0001\0005\000]}{section.3}% 10
\BOOKMARK [2][-]{subsection.3.2}{\376\377\150\010\144\315\117\134\000\040\000\040\000[\000p\0001\0006\040\023\0001\0008\000]}{section.3}% 11
\BOOKMARK [2][-]{subsection.3.3}{\376\377\000M\000I\000P\000S\000\040\177\373\213\321\117\213\133\120\377\032\0007\000+\0005\000\040\000\040\000[\000p\0001\0007\000]}{section.3}% 12
\BOOKMARK [2][-]{subsection.3.4}{\376\377\210\150\217\276\137\017\116\343\170\001\165\037\142\020\173\126\165\145\000\040\000\040\000[\000p\0001\0009\000]}{section.3}% 13
\BOOKMARK [2][-]{subsection.3.5}{\376\377\147\141\116\366\213\355\123\345\116\343\170\001\165\037\142\020\000\040\000\040\000[\000p\0002\0000\000]}{section.3}% 14
\BOOKMARK [1][-]{section.4}{\376\377\217\320\210\114\145\366\121\205\133\130\136\003\134\100\060\001\155\073\122\250\213\260\137\125\124\214\214\003\165\050\176\246\133\232\000\040\000\040\000[\000p\0002\0001\040\023\0003\0000\000]}{}% 15
\BOOKMARK [2][-]{subsection.4.1}{\376\377\217\320\210\114\145\366\121\205\133\130\123\072\127\337\000\040\000\040\000[\000p\0002\0001\000]}{section.4}% 16
\BOOKMARK [2][-]{subsection.4.2}{\376\377\000A\000c\000t\000i\000v\000a\000t\000i\000o\000n\000\040\124\214\000\040\000A\000c\000t\000i\000v\000a\000t\000i\000o\000n\000\040\000R\000e\000c\000o\000r\000d\000\040\000\040\000[\000p\0002\0002\040\023\0002\0004\000]}{section.4}% 17
\BOOKMARK [2][-]{subsection.4.3}{\376\377\000C\000a\000l\000l\000e\000r\000/\000C\000a\000l\000l\000e\000e\000\040\000C\000o\000n\000v\000e\000n\000t\000i\000o\000n\000s\000\040\000\040\000[\000p\0002\0005\040\023\0002\0007\000]}{section.4}% 18
\BOOKMARK [2][-]{subsection.4.4}{\376\377\213\346\176\306\214\003\165\050\153\145\232\244\000\040\000\040\000[\000p\0002\0008\040\023\0003\0000\000]}{section.4}% 19
\BOOKMARK [1][-]{section.5}{\376\377\123\330\221\317\213\277\225\356\116\016\136\047\143\007\224\210\120\117\171\373\000\040\000\040\000[\000p\0003\0001\040\023\0003\0003\000]}{}% 20
\BOOKMARK [1][-]{section.6}{\376\377\227\142\124\021\133\371\214\141\116\343\170\001\165\037\142\020\377\032\133\371\214\141\136\003\134\100\116\016\122\006\155\076\000\040\000\040\000[\000p\0003\0004\040\023\0003\0009\000]}{}% 21
\BOOKMARK [2][-]{subsection.6.1}{\376\377\133\371\214\141\136\003\134\100\000\040\000\040\000[\000p\0003\0004\000]}{section.6}% 22
\BOOKMARK [2][-]{subsection.6.2}{\376\377\227\136\206\132\145\271\154\325\060\001\206\132\145\271\154\325\116\016\122\006\155\076\000\040\000\040\000[\000p\0003\0005\040\023\0003\0006\000]}{section.6}% 23
\BOOKMARK [2][-]{subsection.6.3}{\376\377\121\170\127\213\133\371\214\141\136\003\134\100\116\016\176\347\142\177\116\015\123\330\137\017\000\040\000\040\000[\000p\0003\0007\040\023\0003\0009\000]}{section.6}% 24
\BOOKMARK [1][-]{section.7}{\376\377\147\072\126\150\166\370\121\163\117\030\123\026\000\040\000\040\000[\000p\0004\0000\040\023\0004\0009\000]}{}% 25
\BOOKMARK [2][-]{subsection.7.1}{\376\377\147\072\126\150\166\370\121\163\117\030\123\026\140\073\211\310\000\040\000\040\000[\000p\0004\0000\000]}{section.7}% 26
\BOOKMARK [2][-]{subsection.7.2}{\376\377\143\007\116\344\220\011\142\351\116\016\143\007\116\344\142\020\147\054\000\040\000\040\000[\000p\0004\0001\040\023\0004\0003\000]}{section.7}% 27
\BOOKMARK [2][-]{subsection.7.3}{\376\377\143\007\116\344\214\003\136\246\000\040\000\040\000[\000p\0004\0004\000]}{section.7}% 28
\BOOKMARK [2][-]{subsection.7.4}{\376\377\133\304\133\130\126\150\122\006\221\115\000\040\000\040\000[\000p\0004\0005\040\023\0004\0006\000]}{section.7}% 29
\BOOKMARK [2][-]{subsection.7.5}{\376\377\126\376\167\100\202\162\116\016\133\304\133\130\126\150\156\242\121\372\000\040\000\040\000[\000p\0004\0007\040\023\0004\0008\000]}{section.7}% 30
\BOOKMARK [2][-]{subsection.7.6}{\376\377\172\245\133\124\117\030\123\026\000\040\000\040\000[\000p\0004\0009\000]}{section.7}% 31
\BOOKMARK [1][-]{section.8}{\376\377\140\073\176\323\000\040\000\040\000[\000p\0005\0000\000]}{}% 32
\BOOKMARK [1][-]{section.9}{\376\377\176\303\116\140\230\230\116\016\211\343\173\124}{}% 33
\BOOKMARK [1][-]{section*.16}{\376\377\131\015\116\140\136\372\213\256}{}% 34
