\BOOKMARK [1][-]{section.1}{\376\377\213\376\172\013\151\202\211\310\116\016\210\114\145\077\117\341\140\157\377\010\173\054\000\040\0001\040\023\0001\0001\000\040\230\165\377\011}{}% 1
\BOOKMARK [2][-]{subsection.1.1}{\376\377\213\376\172\013\133\232\117\115}{section.1}% 2
\BOOKMARK [2][-]{subsection.1.2}{\376\377\164\006\213\272\213\376\116\016\133\236\232\214\213\376}{section.1}% 3
\BOOKMARK [2][-]{subsection.1.3}{\376\377\145\131\147\120\116\016\123\302\200\003\215\104\145\231\000\040\000g\000r\000a\000y\000[\000p\0008\000]}{section.1}% 4
\BOOKMARK [2][-]{subsection.1.4}{\376\377\145\366\225\364\060\001\127\060\160\271\116\016\217\333\136\246}{section.1}% 5
\BOOKMARK [2][-]{subsection.1.5}{\376\377\142\020\176\351\147\204\142\020\000\040\000g\000r\000a\000y\000[\000p\0001\0001\000]}{section.1}% 6
\BOOKMARK [1][-]{section.2}{\376\377\116\300\116\110\146\057\177\026\213\321\377\010\173\054\000\040\0001\0002\040\023\0001\0008\000\040\230\165\377\011}{}% 7
\BOOKMARK [2][-]{subsection.2.1}{\376\377\177\026\213\321\211\201\211\343\121\263\166\204\150\071\147\054\167\333\166\376\000\040\000g\000r\000a\000y\000[\000p\0001\0002\000]}{section.2}% 8
\BOOKMARK [2][-]{subsection.2.2}{\376\377\116\011\171\315\213\355\212\000\142\147\210\114\145\271\137\017\377\032\177\026\213\321\060\001\211\343\221\312\060\001\000J\000I\000T}{section.2}% 9
\BOOKMARK [2][-]{subsection.2.3}{\376\377\213\241\173\227\147\072\174\373\176\337\166\204\134\102\153\041\176\323\147\204\000\040\000g\000r\000a\000y\000[\000p\0001\0003\000]}{section.2}% 10
\BOOKMARK [2][-]{subsection.2.4}{\376\377\000C\000\040\213\355\212\000\166\204\133\214\145\164\177\026\213\321\155\101\172\013\000\040\000g\000r\000a\000y\000[\000p\0001\0006\000,\0001\0007\000]}{section.2}% 11
\BOOKMARK [2][-]{subsection.2.5}{\376\377\116\072\116\300\116\110\211\201\133\146\177\026\213\321\123\237\164\006\000\040\000g\000r\000a\000y\000[\000p\0001\0008\000]}{section.2}% 12
\BOOKMARK [1][-]{section.3}{\376\377\177\026\213\321\126\150\166\204\140\073\117\123\176\323\147\204\377\010\173\054\000\040\0001\0009\040\023\0002\0000\000\040\230\165\377\011}{}% 13
\BOOKMARK [1][-]{section.4}{\376\377\215\057\172\177\121\150\213\376\166\204\217\320\210\114\171\072\117\213}{}% 14
\BOOKMARK [1][-]{section.5}{\376\377\226\066\153\265\116\000\377\032\213\315\154\325\122\006\147\220\377\010\173\054\000\040\0002\0001\040\023\0002\0002\000\040\230\165\377\011}{}% 15
\BOOKMARK [2][-]{subsection.5.1}{\376\377\213\315\154\325\122\006\147\220\166\204\167\345\213\306\127\060\126\376\000\040\000g\000r\000a\000y\000[\000p\0002\0002\000]}{section.5}% 16
\BOOKMARK [1][-]{section.6}{\376\377\226\066\153\265\116\214\377\032\213\355\154\325\122\006\147\220\377\010\173\054\000\040\0002\0003\040\023\0002\0005\000\040\230\165\377\011}{}% 17
\BOOKMARK [2][-]{subsection.6.1}{\376\377\127\372\170\100\151\202\137\365\000\040\000g\000r\000a\000y\000[\000p\0002\0004\000]}{section.6}% 18
\BOOKMARK [2][-]{subsection.6.2}{\376\377\116\044\131\047\174\173\122\006\147\220\145\271\154\325\000\040\000g\000r\000a\000y\000[\000p\0002\0005\000]}{section.6}% 19
\BOOKMARK [1][-]{section.7}{\376\377\226\066\153\265\116\011\377\032\213\355\116\111\122\006\147\220\377\010\173\054\000\040\0002\0006\040\023\0002\0007\000\040\230\165\377\011}{}% 20
\BOOKMARK [2][-]{subsection.7.1}{\376\377\213\355\116\111\122\006\147\220\166\204\167\345\213\306\127\060\126\376\000\040\000g\000r\000a\000y\000[\000p\0002\0007\000]}{section.7}% 21
\BOOKMARK [1][-]{section.8}{\376\377\226\066\153\265\126\333\377\032\116\055\225\364\116\343\170\001\165\037\142\020\377\010\173\054\000\040\0002\0008\040\023\0002\0009\000\040\230\165\377\011}{}% 22
\BOOKMARK [2][-]{subsection.8.1}{\376\377\116\055\225\364\116\343\170\001\166\204\167\345\213\306\127\060\126\376\000\040\000g\000r\000a\000y\000[\000p\0002\0009\000]}{section.8}% 23
\BOOKMARK [1][-]{section.9}{\376\377\226\066\153\265\116\224\377\032\116\343\170\001\117\030\123\026\377\010\173\054\000\040\0003\0000\040\023\0003\0001\000\040\230\165\377\011}{}% 24
\BOOKMARK [2][-]{subsection.9.1}{\376\377\116\343\170\001\117\030\123\026\166\204\167\345\213\306\127\060\126\376\000\040\000g\000r\000a\000y\000[\000p\0003\0001\000]}{section.9}% 25
\BOOKMARK [1][-]{section.10}{\376\377\226\066\153\265\121\155\377\032\166\356\150\007\116\343\170\001\165\037\142\020\377\010\173\054\000\040\0003\0002\040\023\0003\0003\000\040\230\165\377\011}{}% 26
\BOOKMARK [2][-]{subsection.10.1}{\376\377\166\356\150\007\116\343\170\001\165\037\142\020\166\204\167\345\213\306\127\060\126\376\000\040\000g\000r\000a\000y\000[\000p\0003\0003\000]}{section.10}% 27
\BOOKMARK [1][-]{section.11}{\376\377\121\150\155\101\172\013\116\000\126\376\220\037\213\260}{}% 28
