\BOOKMARK [1][-]{section.1}{\376\377\215\104\145\231\147\145\156\220\116\016\131\015\116\140\215\357\176\277}{}% 1
\BOOKMARK [1][-]{section.2}{\376\377\177\026\213\321\155\101\172\013\140\073\211\310}{}% 2
\BOOKMARK [1][-]{section.3}{\376\377\213\315\154\325\122\006\147\220\116\016\153\143\122\031\210\150\217\276\137\017}{}% 3
\BOOKMARK [2][-]{subsection.3.1}{\376\377\150\070\137\303\133\232\116\111}{section.3}% 4
\BOOKMARK [2][-]{subsection.3.2}{\376\377\153\143\122\031\210\150\217\276\137\017\220\037\147\345}{section.3}% 5
\BOOKMARK [1][-]{section.4}{\376\377\000N\000F\000A\060\001\000D\000F\000A\000\040\116\016\142\153\143\317\126\150\133\236\163\260}{}% 6
\BOOKMARK [2][-]{subsection.4.1}{\376\377\000F\000A\000\040\127\372\170\100}{section.4}% 7
\BOOKMARK [2][-]{subsection.4.2}{\376\377\000R\000E\000\040\122\060\000\040\000N\000F\000A\000\040\122\060\000\040\000D\000F\000A}{section.4}% 8
\BOOKMARK [2][-]{subsection.4.3}{\376\377\210\150\232\161\122\250\213\315\154\325\122\006\147\220}{section.4}% 9
\BOOKMARK [1][-]{section.5}{\376\377\000C\000F\000G\060\001\143\250\133\374\116\016\122\006\147\220\150\021}{}% 10
\BOOKMARK [2][-]{subsection.5.1}{\376\377\000C\000F\000G\000\040\127\372\170\100}{section.5}% 11
\BOOKMARK [2][-]{subsection.5.2}{\376\377\122\006\147\220\150\021\060\001\000A\000S\000T\000\040\116\016\116\214\116\111\140\047}{section.5}% 12
\BOOKMARK [2][-]{subsection.5.3}{\376\377\116\124\131\306\145\257\127\372\134\102\176\247}{section.5}% 13
\BOOKMARK [1][-]{section.6}{\376\377\201\352\230\166\124\021\116\013\122\006\147\220\116\016\000\040\000L\000L\000\050\0001\000\051}{}% 14
\BOOKMARK [2][-]{subsection.6.1}{\376\377\220\022\137\122\116\013\226\115\060\001\135\346\220\022\137\122\116\016\135\346\126\340\133\120}{section.6}% 15
\BOOKMARK [2][-]{subsection.6.2}{\376\377\000F\000I\000R\000S\000T\000\040\116\016\000\040\000F\000O\000L\000L\000O\000W}{section.6}% 16
\BOOKMARK [2][-]{subsection.6.3}{\376\377\000L\000L\000\050\0001\000\051\000\040\122\044\143\156\116\016\230\204\155\113\122\006\147\220\210\150}{section.6}% 17
\BOOKMARK [1][-]{section.7}{\376\377\201\352\136\225\124\021\116\012\122\006\147\220\116\016\000\040\000L\000R\000\040\133\266\145\317}{}% 18
\BOOKMARK [2][-]{subsection.7.1}{\376\377\000S\000h\000i\000f\000t\000-\000R\000e\000d\000u\000c\000e\000\040\127\372\170\100}{section.7}% 19
\BOOKMARK [2][-]{subsection.7.2}{\376\377\000L\000R\000\040\210\150\116\016\000\040\000L\000R\000\050\0000\000\051\000\040\230\171}{section.7}% 20
\BOOKMARK [2][-]{subsection.7.3}{\376\377\000S\000L\000R\000\050\0001\000\051\060\001\000L\000R\000\050\0001\000\051\060\001\000L\000A\000L\000R\000\050\0001\000\051}{section.7}% 21
\BOOKMARK [1][-]{section.8}{\376\377\213\355\116\111\122\006\147\220\060\001\000S\000D\000D\000\040\116\016\000\040\000S\000D\000T}{}% 22
\BOOKMARK [2][-]{subsection.8.1}{\376\377\213\355\116\111\122\006\147\220\116\373\122\241}{section.8}% 23
\BOOKMARK [2][-]{subsection.8.2}{\376\377\134\136\140\047\116\016\117\235\215\126}{section.8}% 24
\BOOKMARK [2][-]{subsection.8.3}{\376\377\133\236\163\260\116\016\173\046\123\367\210\150}{section.8}% 25
\BOOKMARK [1][-]{section.9}{\376\377\116\055\225\364\210\150\171\072\060\001\116\011\127\060\127\100\170\001\116\016\126\336\130\153}{}% 26
\BOOKMARK [2][-]{subsection.9.1}{\376\377\000I\000R\000\040\116\016\000\040\000T\000A\000C}{section.9}% 27
\BOOKMARK [2][-]{subsection.9.2}{\376\377\133\130\120\250\136\003\134\100\116\016\145\160\176\304\137\025\165\050}{section.9}% 28
\BOOKMARK [2][-]{subsection.9.3}{\376\377\136\003\134\024\210\150\217\276\137\017\060\001\143\247\122\066\155\101\116\016\126\336\130\153}{section.9}% 29
\BOOKMARK [1][-]{section.10}{\376\377\116\343\170\001\117\030\123\026}{}% 30
\BOOKMARK [2][-]{subsection.10.1}{\376\377\127\372\147\054\127\127\116\016\000\040\000C\000F\000G}{section.10}% 31
\BOOKMARK [2][-]{subsection.10.2}{\376\377\000D\000A\000G\000\040\116\016\134\100\220\350\117\030\123\026}{section.10}% 32
\BOOKMARK [2][-]{subsection.10.3}{\376\377\121\150\134\100\117\030\123\026\116\016\000\040\000L\000L\000V\000M}{section.10}% 33
\BOOKMARK [1][-]{section.11}{\376\377\166\356\150\007\116\343\170\001\165\037\142\020}{}% 34
\BOOKMARK [2][-]{subsection.11.1}{\376\377\124\016\172\357\116\011\131\047\116\373\122\241}{section.11}% 35
\BOOKMARK [2][-]{subsection.11.2}{\376\377\150\010\137\017\213\241\173\227\147\072\116\016\000\040\000M\000I\000P\000S\000\040\230\316\150\074\165\037\142\020}{section.11}% 36
\BOOKMARK [2][-]{subsection.11.3}{\376\377\217\320\210\114\145\366\133\130\120\250\116\016\214\003\165\050\176\246\133\232}{section.11}% 37
\BOOKMARK [2][-]{subsection.11.4}{\376\377\227\142\124\021\133\371\214\141\116\016\147\072\126\150\166\370\121\163\117\030\123\026}{section.11}% 38
\BOOKMARK [1][-]{section.12}{\376\377\147\037\147\053\232\330\230\221\230\230\127\213\156\005\123\125}{}% 39
\BOOKMARK [1][-]{section.13}{\376\377\116\000\230\165\220\037\213\260}{}% 40
