\BOOKMARK [1][-]{section.1}{\376\377\213\315\154\325\122\006\147\220\146\057\116\300\116\110\377\010\173\054\000\040\0002\040\023\0005\000\040\230\165\377\011}{}% 1
\BOOKMARK [2][-]{subsection.1.1}{\376\377\133\203\127\050\177\026\213\321\155\101\172\013\116\055\166\204\117\115\177\156\000\040\000g\000r\000a\000y\000[\000p\0002\000,\0003\000]}{section.1}% 2
\BOOKMARK [2][-]{subsection.1.2}{\376\377\213\315\154\325\122\006\147\220\166\204\133\232\116\111\116\016\153\145\232\244\000\040\000g\000r\000a\000y\000[\000p\0004\000,\0005\000]}{section.1}% 3
\BOOKMARK [1][-]{section.2}{\376\377\116\316\211\304\203\003\122\060\133\236\163\260\377\032\121\150\134\100\204\335\126\376\377\010\173\054\000\040\0006\040\023\0007\000\040\230\165\377\011}{}% 4
\BOOKMARK [1][-]{section.3}{\376\377\000T\000o\000k\000e\000n\000\040\116\016\000\040\000L\000e\000x\000e\000m\000e\377\010\173\054\000\040\0008\040\023\0001\0001\000\040\230\165\377\011}{}% 5
\BOOKMARK [2][-]{subsection.3.1}{\376\377\136\070\211\301\166\204\000\040\000T\000o\000k\000e\000n\000\040\174\173\122\053\000\040\000g\000r\000a\000y\000[\000p\0009\000]}{section.3}% 6
\BOOKMARK [2][-]{subsection.3.2}{\376\377\213\315\154\325\122\006\147\220\166\204\211\322\202\162\000\040\000g\000r\000a\000y\000[\000p\0001\0001\000]}{section.3}% 7
\BOOKMARK [1][-]{section.4}{\376\377\213\276\213\241\060\001\133\236\163\260\116\016\142\153\143\317\226\276\160\271\377\010\173\054\000\040\0001\0002\040\023\0001\0005\000\040\230\165\377\011}{}% 8
\BOOKMARK [2][-]{subsection.4.1}{\376\377\213\276\213\241\211\201\160\271\000\040\000g\000r\000a\000y\000[\000p\0001\0002\000]}{section.4}% 9
\BOOKMARK [2][-]{subsection.4.2}{\376\377\133\236\163\260\211\201\160\271\000\040\000g\000r\000a\000y\000[\000p\0001\0003\000]}{section.4}% 10
\BOOKMARK [2][-]{subsection.4.3}{\376\377\142\153\143\317\166\204\143\021\142\030\377\032\000C\000+\000+\000\040\166\204\000\040\000>\000>\000\040\153\147\116\111\000\040\000g\000r\000a\000y\000[\000p\0001\0004\000]}{section.4}% 11
\BOOKMARK [2][-]{subsection.4.4}{\376\377\134\125\147\033\377\010\000L\000o\000o\000k\000\040\000A\000h\000e\000a\000d\377\011\000g\000r\000a\000y\000[\000p\0001\0005\000]}{section.4}% 12
\BOOKMARK [1][-]{section.5}{\376\377\000T\000o\000k\000e\000n\000\040\211\304\203\003\377\032\165\050\153\143\122\031\210\150\217\276\137\017\143\317\217\360\377\010\173\054\000\040\0001\0006\000\040\230\165\377\011}{}% 13
\BOOKMARK [1][-]{section.6}{\376\377\213\355\212\000\166\204\137\142\137\017\123\026\127\372\170\100\377\032\133\127\153\315\210\150\060\001\116\062\060\001\213\355\212\000\377\010\173\054\000\040\0001\0007\040\023\0002\0001\000\040\230\165\377\011}{}% 14
\BOOKMARK [2][-]{subsection.6.1}{\376\377\213\355\212\000\116\012\166\204\217\320\173\227\000\040\000g\000r\000a\000y\000[\000p\0001\0009\000,\0002\0000\000,\0002\0001\000]}{section.6}% 15
\BOOKMARK [1][-]{section.7}{\376\377\153\143\122\031\210\150\217\276\137\017\116\016\153\143\122\031\213\355\212\000\377\010\173\054\000\040\0002\0002\040\023\0002\0007\000\040\230\165\377\011}{}% 16
\BOOKMARK [2][-]{subsection.7.1}{\376\377\123\237\133\120\153\143\122\031\210\150\217\276\137\017\377\010\220\022\137\122\133\232\116\111\166\204\127\372\170\100\377\011\000g\000r\000a\000y\000[\000p\0002\0003\000]}{section.7}% 17
\BOOKMARK [2][-]{subsection.7.2}{\376\377\131\015\124\010\153\143\122\031\210\150\217\276\137\017\377\010\220\022\137\122\147\204\136\372\377\011\000g\000r\000a\000y\000[\000p\0002\0004\000]}{section.7}% 18
\BOOKMARK [2][-]{subsection.7.3}{\376\377\217\320\173\227\173\046\117\030\121\110\176\247\000\040\000g\000r\000a\000y\000[\000p\0002\0005\000]}{section.7}% 19
\BOOKMARK [2][-]{subsection.7.4}{\376\377\136\070\165\050\142\151\134\125\213\260\123\367\000\040\000g\000r\000a\000y\000[\000p\0002\0006\000,\0002\0007\000]}{section.7}% 20
\BOOKMARK [1][-]{section.8}{\376\377\153\143\122\031\210\150\217\276\137\017\133\236\117\213\116\016\173\111\116\367\377\010\173\054\000\040\0002\0008\040\023\0003\0004\000\040\230\165\377\011}{}% 21
\BOOKMARK [2][-]{subsection.8.1}{\376\377\000R\000E\000\040\117\213\133\120\210\150\000\040\000g\000r\000a\000y\000[\000p\0003\0001\000]}{section.8}% 22
\BOOKMARK [2][-]{subsection.8.2}{\376\377\124\014\116\000\213\355\212\000\123\357\147\011\116\015\124\014\000\040\000R\000E\000\040\000g\000r\000a\000y\000[\000p\0003\0001\000,\0003\0002\000]}{section.8}% 23
\BOOKMARK [2][-]{subsection.8.3}{\376\377\121\170\127\213\000\040\000t\000o\000k\000e\000n\000\040\166\204\000\040\000R\000E\000\040\000g\000r\000a\000y\000[\000p\0003\0003\000]}{section.8}% 24
\BOOKMARK [2][-]{subsection.8.4}{\376\377\177\026\172\013\213\355\212\000\116\055\166\204\000\040\000R\000E\000\040\173\200\121\231\000\040\000g\000r\000a\000y\000[\000p\0003\0004\000]}{section.8}% 25
\BOOKMARK [1][-]{section.9}{\376\377\213\355\212\000\166\204\213\315\154\325\211\304\203\003\173\227\154\325\116\016\116\214\116\111\140\047\377\010\173\054\000\040\0003\0005\040\023\0003\0006\000\040\230\165\377\011}{}% 26
\BOOKMARK [2][-]{subsection.9.1}{\376\377\142\212\000\040\000R\000E\000\040\165\050\116\216\122\006\213\315\166\204\173\227\154\325\000\040\000S\0000\040\023\000S\0004\000\040\000g\000r\000a\000y\000[\000p\0003\0005\000]}{section.9}% 27
\BOOKMARK [2][-]{subsection.9.2}{\376\377\116\214\116\111\140\047\116\016\155\210\211\343\211\304\122\031\000\040\000g\000r\000a\000y\000[\000p\0003\0006\000]}{section.9}% 28
\BOOKMARK [1][-]{section.10}{\376\377\140\073\176\323\116\016\176\303\116\140\377\010\173\054\000\040\0003\0007\040\023\0004\0003\000\040\230\165\377\011}{}% 29
\BOOKMARK [2][-]{subsection.10.1}{\376\377\147\054\213\262\140\073\176\323\000\040\000g\000r\000a\000y\000[\000p\0003\0007\000,\0003\0008\000]}{section.10}% 30
\BOOKMARK [2][-]{subsection.10.2}{\376\377\221\315\160\271\116\140\230\230\000\040\000g\000r\000a\000y\000[\000p\0003\0009\040\023\0004\0002\000]}{section.10}% 31
