\BOOKMARK [1][-]{section*.2}{\376\377\226\005\213\373\133\374\137\025}{}% 1
\BOOKMARK [1][-]{section.1}{\376\377\126\336\230\176\116\016\177\026\213\321\226\066\153\265\133\232\117\115\000\040\000\040\000[\000p\0001\040\023\0005\000]}{}% 2
\BOOKMARK [2][-]{subsection.1.1}{\376\377\116\316\000\040\000S\000D\000D\000/\000S\000D\000T\000\040\122\060\116\055\225\364\116\343\170\001\000\040\000\040\000[\000p\0002\000]}{section.1}% 3
\BOOKMARK [2][-]{subsection.1.2}{\376\377\116\055\225\364\116\343\170\001\165\037\142\020\127\050\177\026\213\321\126\150\116\055\166\204\117\115\177\156\000\040\000\040\000[\000p\0003\040\023\0005\000]}{section.1}% 4
\BOOKMARK [1][-]{section.2}{\376\377\131\032\134\102\000\040\000I\000R\000\040\116\016\117\177\165\050\131\032\171\315\000\040\000I\000R\000\040\166\204\123\237\126\340\000\040\000\040\000[\000p\0006\040\023\0009\000]}{}% 5
\BOOKMARK [2][-]{subsection.2.1}{\376\377\000I\000R\000\040\166\204\117\134\165\050\000\040\000\040\000[\000p\0006\000]}{section.2}% 6
\BOOKMARK [2][-]{subsection.2.2}{\376\377\232\330\134\102\060\001\117\116\134\102\124\214\147\072\126\150\134\102\000\040\000I\000R\000\040\000\040\000[\000p\0006\040\023\0007\000]}{section.2}% 7
\BOOKMARK [2][-]{subsection.2.3}{\376\377\116\072\116\300\116\110\211\201\131\032\134\102\000\040\000I\000R\000\040\000\040\000[\000p\0008\040\023\0009\000]}{section.2}% 8
\BOOKMARK [1][-]{section.3}{\376\377\116\055\225\364\210\150\171\072\116\016\116\011\127\060\127\100\170\001\000\040\000\040\000[\000p\0001\0000\040\023\0001\0008\000]}{}% 9
\BOOKMARK [2][-]{subsection.3.1}{\376\377\116\011\174\173\221\315\211\201\000\040\000I\000R\000\040\000\040\000[\000p\0001\0000\040\023\0001\0001\000]}{section.3}% 10
\BOOKMARK [2][-]{subsection.3.2}{\376\377\116\011\127\060\127\100\170\001\166\204\127\372\147\054\137\142\137\017\000\040\000\040\000[\000p\0001\0002\000]}{section.3}% 11
\BOOKMARK [2][-]{subsection.3.3}{\376\377\117\030\123\026\122\250\147\072\377\032\121\154\121\161\133\120\210\150\217\276\137\017\155\210\226\144\000\040\000\040\000[\000p\0001\0003\000]}{section.3}% 12
\BOOKMARK [2][-]{subsection.3.4}{\376\377\116\011\127\060\127\100\170\001\116\055\166\204\127\060\127\100\000\040\000\040\000[\000p\0001\0004\000]}{section.3}% 13
\BOOKMARK [2][-]{subsection.3.5}{\376\377\116\011\127\060\127\100\143\007\116\344\137\142\137\017\000\040\000\040\000[\000p\0001\0005\040\023\0001\0007\000]}{section.3}% 14
\BOOKMARK [2][-]{subsection.3.6}{\376\377\000d\000o\000-\000w\000h\000i\000l\000e\000\040\171\072\117\213\000\040\000\040\000[\000p\0001\0008\000]}{section.3}% 15
\BOOKMARK [1][-]{section.4}{\376\377\116\011\127\060\127\100\170\001\166\204\133\236\163\260\377\032\126\333\121\103\137\017\060\001\116\011\121\103\137\017\060\001\225\364\143\245\116\011\121\103\137\017\000\040\000\040\000[\000p\0001\0009\040\023\0003\0000\000]}{}% 16
\BOOKMARK [2][-]{subsection.4.1}{\376\377\126\333\121\103\137\017\000\040\000\040\000[\000p\0001\0009\040\023\0002\0001\000]}{section.4}% 17
\BOOKMARK [2][-]{subsection.4.2}{\376\377\116\011\121\103\137\017\000\040\000\040\000[\000p\0002\0002\040\023\0002\0004\000]}{section.4}% 18
\BOOKMARK [2][-]{subsection.4.3}{\376\377\116\011\121\103\137\017\166\204\225\356\230\230\000\040\000\040\000[\000p\0002\0005\040\023\0002\0006\000]}{section.4}% 19
\BOOKMARK [2][-]{subsection.4.4}{\376\377\225\364\143\245\116\011\121\103\137\017\000\040\000\040\000[\000p\0002\0007\040\023\0003\0000\000]}{section.4}% 20
\BOOKMARK [1][-]{section.5}{\376\377\000S\000S\000A\377\032\227\131\140\001\123\125\215\113\120\074\000\040\000\040\000[\000p\0003\0001\040\023\0003\0003\000]}{}% 21
\BOOKMARK [2][-]{subsection.5.1}{\376\377\000S\000S\000A\000\040\116\072\116\300\116\110\122\051\116\216\117\030\123\026}{section.5}% 22
\BOOKMARK [1][-]{section.6}{\376\377\213\355\154\325\122\066\133\374\116\343\170\001\165\037\142\020\116\016\123\330\221\317\136\003\134\100\000\040\000\040\000[\000p\0003\0004\040\023\0004\0003\000]}{}% 23
\BOOKMARK [2][-]{subsection.6.1}{\376\377\213\355\154\325\122\066\133\374\177\373\213\321\221\315\145\260\166\173\127\072\000\040\000\040\000[\000p\0003\0004\040\023\0003\0006\000]}{section.6}% 24
\BOOKMARK [2][-]{subsection.6.2}{\376\377\123\330\221\317\133\232\116\111\166\204\134\136\140\047\000\040\000\040\000[\000p\0003\0007\000]}{section.6}% 25
\BOOKMARK [2][-]{subsection.6.3}{\376\377\117\134\165\050\127\337\121\205\122\006\221\115\116\016\000\040\000o\000f\000f\000s\000e\000t\000\040\000\040\000[\000p\0003\0008\040\023\0003\0009\000]}{section.6}% 26
\BOOKMARK [2][-]{subsection.6.4}{\376\377\121\205\133\130\133\371\237\120\000\040\000\040\000[\000p\0004\0000\000]}{section.6}% 27
\BOOKMARK [1][-]{section.7}{\376\377\215\113\120\074\213\355\123\345\177\373\213\321\000\040\000\040\000[\000p\0004\0004\040\023\0004\0006\000]}{}% 28
\BOOKMARK [2][-]{subsection.7.1}{\376\377\127\372\147\054\134\136\140\047\124\214\217\205\122\251\121\375\145\160}{section.7}% 29
\BOOKMARK [2][-]{subsection.7.2}{\376\377\000S\000D\000T\000\040\211\304\122\031\116\016\117\213\133\120}{section.7}% 30
\BOOKMARK [1][-]{section.8}{\376\377\145\160\176\304\137\025\165\050\177\373\213\321\000\040\000\040\000[\000p\0004\0007\040\023\0005\0002\000]}{}% 31
\BOOKMARK [2][-]{subsection.8.1}{\376\377\116\000\176\364\145\160\176\304\000\040\000\040\000[\000p\0004\0008\000]}{section.8}% 32
\BOOKMARK [2][-]{subsection.8.2}{\376\377\131\032\176\364\145\160\176\304\000\040\000\040\000[\000p\0004\0009\040\023\0005\0000\000]}{section.8}% 33
\BOOKMARK [2][-]{subsection.8.3}{\376\377\145\160\176\304\137\025\165\050\134\136\140\047\124\214\165\037\142\020\211\304\122\031\000\040\000\040\000[\000p\0005\0001\040\023\0005\0002\000]}{section.8}% 34
\BOOKMARK [1][-]{section.9}{\376\377\136\003\134\024\210\150\217\276\137\017\177\373\213\321\000\040\000\040\000[\000p\0005\0003\040\023\0005\0008\000]}{}% 35
\BOOKMARK [2][-]{subsection.9.1}{\376\377\167\355\215\357\154\102\120\074\000\040\000\040\000[\000p\0005\0004\000]}{section.9}% 36
\BOOKMARK [2][-]{subsection.9.2}{\376\377\116\044\171\315\177\373\213\321\145\271\137\017\000\040\000\040\000[\000p\0005\0005\040\023\0005\0007\000]}{section.9}% 37
\BOOKMARK [2][-]{subsection.9.3}{\376\377\136\003\134\024\210\150\217\276\137\017\000\040\000S\000D\000T\000\040\211\304\122\031\000\040\000\040\000[\000p\0005\0008\000]}{section.9}% 38
\BOOKMARK [1][-]{section.10}{\376\377\143\247\122\066\155\101\177\373\213\321\116\016\126\336\130\153\000\040\000\040\000[\000p\0005\0009\040\023\0007\0000\000]}{}% 39
\BOOKMARK [2][-]{subsection.10.1}{\376\377\143\247\122\066\213\355\123\345\150\007\173\176\134\136\140\047\000\040\000\040\000[\000p\0006\0001\040\023\0006\0003\000]}{section.10}% 40
\BOOKMARK [2][-]{subsection.10.2}{\376\377\122\115\124\021\215\363\217\154\225\356\230\230\000\040\000\040\000[\000p\0006\0004\040\023\0006\0006\000]}{section.10}% 41
\BOOKMARK [2][-]{subsection.10.3}{\376\377\126\336\130\153\134\136\140\047\124\214\217\205\122\251\121\375\145\160\000\040\000\040\000[\000p\0006\0007\000]}{section.10}% 42
\BOOKMARK [2][-]{subsection.10.4}{\376\377\143\247\122\066\155\101\126\336\130\153\211\304\122\031\000\040\000\040\000[\000p\0006\0008\040\023\0007\0000\000]}{section.10}% 43
\BOOKMARK [1][-]{section.11}{\376\377\140\073\176\323\116\016\226\005\213\373\000\040\000\040\000[\000p\0007\0001\040\023\0007\0003\000]}{}% 44
\BOOKMARK [1][-]{section.12}{\376\377\176\303\116\140\230\230\116\016\211\343\173\124}{}% 45
\BOOKMARK [1][-]{section*.15}{\376\377\131\015\116\140\136\372\213\256}{}% 46
